Args in experiment:
Namespace(activation='gelu', anomaly_ratio=0.25, batch_size=32, c_out=212, checkpoints='./checkpoints/', d_ff=2048, d_layers=1, d_model=128, data='custom', data_path='pems08_h.csv', dec_in=212, des='Exp', devices='0,1,2,3', distil=True, dropout=0, e_layers=2, embed='timeF', enc_in=212, factor=3, features='M', freq='h', gap_day=365, gpu=0, inverse=False, is_training=1, itr=1, label_len=48, learning_rate=0.0005, loss='MSE', lradj='type3', mask_rate=0.25, model='Autoformer', model_id='pems08_h_96_720', moving_avg=25, n_heads=8, num_kernels=6, num_workers=10, output_attention=False, p_hidden_dims=[128, 128], p_hidden_layers=2, patience=5, pred_len=720, root_path='../../data/pems/', samle_rate=1.0, sample_seed=7, seasonal_patterns='Monthly', seq_len=96, target='OT', task_name='long_term_forecast', top_k=5, train_epochs=200, train_seed=2024, use_amp=False, use_gpu=True, use_multi_gpu=False)
Use GPU: cuda:0
>>>>>>>start training : long_term_forecast_pems08_h_96_720_Autoformer_custom_ftM_sl96_ll48_pl720_dm128_nh8_el2_dl1_df2048_fc3_ebtimeF_dtTrue_srate1.0_sseed7_trainseed2024_Exp_0>>>>>>>>>>>>>>>>>>>>>>>>>>
train 140657
val 19493
test 39701
	iters: 100, epoch: 1 | loss: 0.3493785
	speed: 0.2972s/iter; left time: 261183.0438s
	iters: 200, epoch: 1 | loss: 0.3248469
	speed: 0.2922s/iter; left time: 256796.9771s
	iters: 300, epoch: 1 | loss: 0.2846237
	speed: 0.2892s/iter; left time: 254156.8078s
	iters: 400, epoch: 1 | loss: 0.2948839
	speed: 0.2890s/iter; left time: 253922.5920s
	iters: 500, epoch: 1 | loss: 0.2803727
	speed: 0.2888s/iter; left time: 253738.5844s
	iters: 600, epoch: 1 | loss: 0.2648508
	speed: 0.2893s/iter; left time: 254113.7721s
	iters: 700, epoch: 1 | loss: 0.2471162
	speed: 0.2895s/iter; left time: 254225.7672s
	iters: 800, epoch: 1 | loss: 0.2749433
	speed: 0.2886s/iter; left time: 253408.6738s
	iters: 900, epoch: 1 | loss: 0.2362306
	speed: 0.2888s/iter; left time: 253571.2511s
	iters: 1000, epoch: 1 | loss: 0.2377305
	speed: 0.2889s/iter; left time: 253625.5874s
	iters: 1100, epoch: 1 | loss: 0.2284465
	speed: 0.2893s/iter; left time: 253991.5475s
	iters: 1200, epoch: 1 | loss: 0.2975260
	speed: 0.2890s/iter; left time: 253668.0715s
	iters: 1300, epoch: 1 | loss: 0.3102538
	speed: 0.2884s/iter; left time: 253111.2370s
	iters: 1400, epoch: 1 | loss: 0.2756321
	speed: 0.2889s/iter; left time: 253575.0817s
	iters: 1500, epoch: 1 | loss: 0.3174747
	speed: 0.2892s/iter; left time: 253732.3700s
	iters: 1600, epoch: 1 | loss: 0.2795793
	speed: 0.2961s/iter; left time: 259784.0911s
	iters: 1700, epoch: 1 | loss: 0.2750580
	speed: 0.2941s/iter; left time: 258006.0988s
	iters: 1800, epoch: 1 | loss: 0.2371853
	speed: 0.2887s/iter; left time: 253249.7054s
	iters: 1900, epoch: 1 | loss: 0.2829470
	speed: 0.2882s/iter; left time: 252823.8576s
	iters: 2000, epoch: 1 | loss: 0.2625600
	speed: 0.2883s/iter; left time: 252838.9109s
	iters: 2100, epoch: 1 | loss: 0.2302449
	speed: 0.2894s/iter; left time: 253794.4449s
	iters: 2200, epoch: 1 | loss: 0.2684149
	speed: 0.2893s/iter; left time: 253658.4212s
	iters: 2300, epoch: 1 | loss: 0.2711496
	speed: 0.2894s/iter; left time: 253678.7493s
	iters: 2400, epoch: 1 | loss: 0.2225676
	speed: 0.2885s/iter; left time: 252876.9371s
	iters: 2500, epoch: 1 | loss: 0.2365223
	speed: 0.2881s/iter; left time: 252489.8370s
	iters: 2600, epoch: 1 | loss: 0.2432173
	speed: 0.2894s/iter; left time: 253663.2363s
	iters: 2700, epoch: 1 | loss: 0.2223537
	speed: 0.2888s/iter; left time: 253107.7290s
	iters: 2800, epoch: 1 | loss: 0.2173379
	speed: 0.2893s/iter; left time: 253527.5305s
	iters: 2900, epoch: 1 | loss: 0.2786080
	speed: 0.2879s/iter; left time: 252247.8276s
	iters: 3000, epoch: 1 | loss: 0.2346076
	speed: 0.2885s/iter; left time: 252756.2166s
	iters: 3100, epoch: 1 | loss: 0.2260651
	speed: 0.2894s/iter; left time: 253458.1111s
	iters: 3200, epoch: 1 | loss: 0.2360469
	speed: 0.2897s/iter; left time: 253712.9600s
	iters: 3300, epoch: 1 | loss: 0.2127411
	speed: 0.2892s/iter; left time: 253268.8584s
	iters: 3400, epoch: 1 | loss: 0.2140814
	speed: 0.2890s/iter; left time: 253064.2654s
	iters: 3500, epoch: 1 | loss: 0.2243595
	speed: 0.2892s/iter; left time: 253155.9064s
	iters: 3600, epoch: 1 | loss: 0.2185306
	speed: 0.2898s/iter; left time: 253680.9518s
	iters: 3700, epoch: 1 | loss: 0.2172405
	speed: 0.2889s/iter; left time: 252830.7084s
	iters: 3800, epoch: 1 | loss: 0.2228742
	speed: 0.2897s/iter; left time: 253534.3035s
	iters: 3900, epoch: 1 | loss: 0.2032687
	speed: 0.2892s/iter; left time: 253089.5689s
	iters: 4000, epoch: 1 | loss: 0.2667131
	speed: 0.2897s/iter; left time: 253524.4689s
	iters: 4100, epoch: 1 | loss: 0.2131096
	speed: 0.2891s/iter; left time: 252957.2005s
	iters: 4200, epoch: 1 | loss: 0.2238632
	speed: 0.2895s/iter; left time: 253274.4349s
	iters: 4300, epoch: 1 | loss: 0.2004434
	speed: 0.2898s/iter; left time: 253449.5523s
Epoch: 1 cost time: 1273.003024339676
Epoch: 1, Steps: 4395 | Train Loss: 0.2560683 Vali Loss: 0.3733209 Test Loss: 0.5469397
Validation loss decreased (inf --> 0.373321).  Saving model ...
	iters: 100, epoch: 2 | loss: 0.2297348
	speed: 8.0772s/iter; left time: 7063557.3135s
	iters: 200, epoch: 2 | loss: 0.2157675
	speed: 0.2900s/iter; left time: 253556.0211s
	iters: 300, epoch: 2 | loss: 0.2057009
	speed: 0.2907s/iter; left time: 254200.6970s
	iters: 400, epoch: 2 | loss: 0.2091420
	speed: 0.2910s/iter; left time: 254397.2466s
	iters: 500, epoch: 2 | loss: 0.1984085
	speed: 0.2911s/iter; left time: 254428.1580s
	iters: 600, epoch: 2 | loss: 0.1872130
	speed: 0.2897s/iter; left time: 253177.8712s
	iters: 700, epoch: 2 | loss: 0.2220467
	speed: 0.2897s/iter; left time: 253149.7871s
	iters: 800, epoch: 2 | loss: 0.2125106
	speed: 0.2895s/iter; left time: 253008.3496s
	iters: 900, epoch: 2 | loss: 0.2071310
	speed: 0.2898s/iter; left time: 253177.9954s
	iters: 1000, epoch: 2 | loss: 0.1926538
	speed: 0.2912s/iter; left time: 254368.2327s
	iters: 1100, epoch: 2 | loss: 0.1860377
	speed: 0.2900s/iter; left time: 253283.9890s
	iters: 1200, epoch: 2 | loss: 0.1933716
	speed: 0.2901s/iter; left time: 253413.9436s
	iters: 1300, epoch: 2 | loss: 0.1885273
	speed: 0.2906s/iter; left time: 253744.1809s
	iters: 1400, epoch: 2 | loss: 0.1975675
	speed: 0.2900s/iter; left time: 253218.4978s
	iters: 1500, epoch: 2 | loss: 0.1982301
	speed: 0.2895s/iter; left time: 252745.2278s
	iters: 1600, epoch: 2 | loss: 0.1705130
	speed: 0.2894s/iter; left time: 252687.1548s
	iters: 1700, epoch: 2 | loss: 0.1912220
	speed: 0.2905s/iter; left time: 253587.3882s
	iters: 1800, epoch: 2 | loss: 0.1932152
	speed: 0.2904s/iter; left time: 253492.6610s
	iters: 1900, epoch: 2 | loss: 0.1900433
	speed: 0.2903s/iter; left time: 253311.3712s
	iters: 2000, epoch: 2 | loss: 0.2152135
	speed: 0.2903s/iter; left time: 253281.4007s
	iters: 2100, epoch: 2 | loss: 0.1942756
	speed: 0.2906s/iter; left time: 253576.0461s
	iters: 2200, epoch: 2 | loss: 0.1897022
	speed: 0.2903s/iter; left time: 253252.3771s
	iters: 2300, epoch: 2 | loss: 0.1851875
	speed: 0.2900s/iter; left time: 253001.8307s
	iters: 2400, epoch: 2 | loss: 0.1889435
	speed: 0.2907s/iter; left time: 253556.6115s
	iters: 2500, epoch: 2 | loss: 0.1834027
	speed: 0.2908s/iter; left time: 253628.0690s
	iters: 2600, epoch: 2 | loss: 0.1890161
	speed: 0.2898s/iter; left time: 252672.8583s
	iters: 2700, epoch: 2 | loss: 0.2309735
	speed: 0.2905s/iter; left time: 253305.2314s
	iters: 2800, epoch: 2 | loss: 0.1863423
	speed: 0.2909s/iter; left time: 253580.7969s
	iters: 2900, epoch: 2 | loss: 0.1933571
	speed: 0.2905s/iter; left time: 253191.6181s
	iters: 3000, epoch: 2 | loss: 0.1788279
	speed: 0.2906s/iter; left time: 253265.0921s
	iters: 3100, epoch: 2 | loss: 0.1824705
	speed: 0.2906s/iter; left time: 253218.6225s
	iters: 3200, epoch: 2 | loss: 0.1806708
	speed: 0.2902s/iter; left time: 252900.8253s
	iters: 3300, epoch: 2 | loss: 0.1627897
	speed: 0.2908s/iter; left time: 253351.4957s
	iters: 3400, epoch: 2 | loss: 0.1848184
	speed: 0.2910s/iter; left time: 253551.0862s
	iters: 3500, epoch: 2 | loss: 0.1657098
	speed: 0.2911s/iter; left time: 253555.5700s
	iters: 3600, epoch: 2 | loss: 0.1867019
	speed: 0.2899s/iter; left time: 252535.9698s
	iters: 3700, epoch: 2 | loss: 0.1780412
	speed: 0.2896s/iter; left time: 252193.4457s
	iters: 3800, epoch: 2 | loss: 0.1684242
	speed: 0.2897s/iter; left time: 252299.7792s
	iters: 3900, epoch: 2 | loss: 0.1767977
	speed: 0.2895s/iter; left time: 252112.9216s
	iters: 4000, epoch: 2 | loss: 0.1749553
	speed: 0.2897s/iter; left time: 252196.6432s
	iters: 4100, epoch: 2 | loss: 0.1719317
	speed: 0.2896s/iter; left time: 252057.2033s
	iters: 4200, epoch: 2 | loss: 0.1603429
	speed: 0.2899s/iter; left time: 252362.9794s
	iters: 4300, epoch: 2 | loss: 0.1594805
	speed: 0.2897s/iter; left time: 252165.2013s
Epoch: 2 cost time: 1275.864429473877
Epoch: 2, Steps: 4395 | Train Loss: 0.1889687 Vali Loss: 0.2860591 Test Loss: 0.5233005
Validation loss decreased (0.373321 --> 0.286059).  Saving model ...
Traceback (most recent call last):
  File "/jobfs/116408731.gadi-pbs/timesnet/lib/python3.8/site-packages/torch/serialization.py", line 373, in save
    return
  File "/jobfs/116408731.gadi-pbs/timesnet/lib/python3.8/site-packages/torch/serialization.py", line 260, in __exit__
    self.buffer.flush()
OSError: [Errno 122] Disk quota exceeded

During handling of the above exception, another exception occurred:

Traceback (most recent call last):
  File "run.py", line 158, in <module>
    exp.train(setting)
  File "/g/data/hn98/du/exlts/hourdayweek/exp/exp_long_term_forecasting.py", line 214, in train
    early_stopping(vali_loss, self.model, path)
  File "/g/data/hn98/du/exlts/hourdayweek/utils/tools.py", line 51, in __call__
    self.save_checkpoint(val_loss, model, path)
  File "/g/data/hn98/du/exlts/hourdayweek/utils/tools.py", line 57, in save_checkpoint
    torch.save(model.state_dict(), path + '/' + 'checkpoint.pth')
  File "/jobfs/116408731.gadi-pbs/timesnet/lib/python3.8/site-packages/torch/serialization.py", line 374, in save
    _legacy_save(obj, opened_file, pickle_module, pickle_protocol)
  File "/jobfs/116408731.gadi-pbs/timesnet/lib/python3.8/site-packages/torch/serialization.py", line 214, in __exit__
    self.file_like.close()
OSError: [Errno 122] Disk quota exceeded
Args in experiment:
Namespace(activation='gelu', anomaly_ratio=0.25, batch_size=32, c_out=212, checkpoints='./checkpoints/', d_ff=2048, d_layers=1, d_model=128, data='custom', data_path='pems08_h.csv', dec_in=212, des='Exp', devices='0,1,2,3', distil=True, dropout=0, e_layers=2, embed='timeF', enc_in=212, factor=3, features='M', freq='h', gap_day=365, gpu=0, inverse=False, is_training=1, itr=1, label_len=48, learning_rate=0.0005, loss='MSE', lradj='type3', mask_rate=0.25, model='Autoformer', model_id='pems08_h_96_720', moving_avg=25, n_heads=8, num_kernels=6, num_workers=10, output_attention=False, p_hidden_dims=[128, 128], p_hidden_layers=2, patience=5, pred_len=720, root_path='../../data/pems/', samle_rate=1.0, sample_seed=7, seasonal_patterns='Monthly', seq_len=96, target='OT', task_name='long_term_forecast', top_k=5, train_epochs=200, train_seed=2024, use_amp=False, use_gpu=True, use_multi_gpu=False)
Use GPU: cuda:0
>>>>>>>start training : long_term_forecast_pems08_h_96_720_Autoformer_custom_ftM_sl96_ll48_pl720_dm128_nh8_el2_dl1_df2048_fc3_ebtimeF_dtTrue_srate1.0_sseed7_trainseed2024_Exp_0>>>>>>>>>>>>>>>>>>>>>>>>>>
train 140657
val 19493
test 39701
	iters: 100, epoch: 1 | loss: 0.3493785
	speed: 0.3107s/iter; left time: 273085.5245s
	iters: 200, epoch: 1 | loss: 0.3248469
	speed: 0.3048s/iter; left time: 267881.8774s
	iters: 300, epoch: 1 | loss: 0.2846237
	speed: 0.3052s/iter; left time: 268217.6193s
	iters: 400, epoch: 1 | loss: 0.2949177
	speed: 0.3050s/iter; left time: 267999.7093s
	iters: 500, epoch: 1 | loss: 0.2803735
	speed: 0.3057s/iter; left time: 268539.3925s
	iters: 600, epoch: 1 | loss: 0.2648388
	speed: 0.3050s/iter; left time: 267902.8850s
	iters: 700, epoch: 1 | loss: 0.2466147
	speed: 0.3053s/iter; left time: 268103.2741s
	iters: 800, epoch: 1 | loss: 0.2702191
	speed: 0.3047s/iter; left time: 267581.0862s
	iters: 900, epoch: 1 | loss: 0.2365520
	speed: 0.3047s/iter; left time: 267573.8303s
	iters: 1000, epoch: 1 | loss: 0.2405035
	speed: 0.3044s/iter; left time: 267243.6205s
	iters: 1100, epoch: 1 | loss: 0.2155501
	speed: 0.3048s/iter; left time: 267616.5693s
	iters: 1200, epoch: 1 | loss: 0.2329425
	speed: 0.3044s/iter; left time: 267240.5555s
	iters: 1300, epoch: 1 | loss: 0.2388960
	speed: 0.3053s/iter; left time: 268005.1829s
	iters: 1400, epoch: 1 | loss: 0.2101724
	speed: 0.3042s/iter; left time: 266962.0192s
	iters: 1500, epoch: 1 | loss: 0.2324951
	speed: 0.3045s/iter; left time: 267238.2342s
	iters: 1600, epoch: 1 | loss: 0.2128390
	speed: 0.3049s/iter; left time: 267520.7030s
	iters: 1700, epoch: 1 | loss: 0.2267587
	speed: 0.3041s/iter; left time: 266754.2977s
	iters: 1800, epoch: 1 | loss: 0.1960013
	speed: 0.3050s/iter; left time: 267556.2287s
	iters: 1900, epoch: 1 | loss: 0.2435838
	speed: 0.3043s/iter; left time: 266880.9964s
	iters: 2000, epoch: 1 | loss: 0.2204628
	speed: 0.3040s/iter; left time: 266608.6854s
	iters: 2100, epoch: 1 | loss: 0.3540035
	speed: 0.3058s/iter; left time: 268126.1794s
	iters: 2200, epoch: 1 | loss: 0.3768411
	speed: 0.3040s/iter; left time: 266559.5145s
	iters: 2300, epoch: 1 | loss: 0.3607262
	speed: 0.3047s/iter; left time: 267103.4695s
	iters: 2400, epoch: 1 | loss: 0.3097084
	speed: 0.3039s/iter; left time: 266359.2495s
	iters: 2500, epoch: 1 | loss: 0.3174911
	speed: 0.3048s/iter; left time: 267142.4212s
	iters: 2600, epoch: 1 | loss: 0.3293879
	speed: 0.3043s/iter; left time: 266731.3463s
	iters: 2700, epoch: 1 | loss: 0.3081717
	speed: 0.3053s/iter; left time: 267497.0068s
	iters: 2800, epoch: 1 | loss: 0.3015330
	speed: 0.3042s/iter; left time: 266563.3492s
	iters: 2900, epoch: 1 | loss: 0.3996389
	speed: 0.3048s/iter; left time: 267035.4826s
	iters: 3000, epoch: 1 | loss: 0.3101289
	speed: 0.3044s/iter; left time: 266662.2592s
	iters: 3100, epoch: 1 | loss: 0.3134750
	speed: 0.3050s/iter; left time: 267122.3270s
	iters: 3200, epoch: 1 | loss: 0.3201942
	speed: 0.3041s/iter; left time: 266349.0005s
	iters: 3300, epoch: 1 | loss: 0.2930589
	speed: 0.3050s/iter; left time: 267122.6425s
	iters: 3400, epoch: 1 | loss: 0.3224967
	speed: 0.3044s/iter; left time: 266573.8409s
	iters: 3500, epoch: 1 | loss: 0.2959632
	speed: 0.3040s/iter; left time: 266189.6205s
	iters: 3600, epoch: 1 | loss: 0.3023490
	speed: 0.3042s/iter; left time: 266308.1113s
	iters: 3700, epoch: 1 | loss: 0.3048276
	speed: 0.3040s/iter; left time: 266058.3673s
	iters: 3800, epoch: 1 | loss: 0.3137914
	speed: 0.3041s/iter; left time: 266125.9744s
	iters: 3900, epoch: 1 | loss: 0.2851771
	speed: 0.3041s/iter; left time: 266075.8004s
	iters: 4000, epoch: 1 | loss: 0.3053684
	speed: 0.3039s/iter; left time: 265899.7976s
	iters: 4100, epoch: 1 | loss: 0.2984697
	speed: 0.3040s/iter; left time: 266012.0072s
	iters: 4200, epoch: 1 | loss: 0.3011697
	speed: 0.3041s/iter; left time: 266011.3130s
	iters: 4300, epoch: 1 | loss: 0.2822064
	speed: 0.3044s/iter; left time: 266265.2016s
Epoch: 1 cost time: 1339.5286600589752
Epoch: 1, Steps: 4395 | Train Loss: 0.2925783 Vali Loss: 0.3680344 Test Loss: 0.4143834
Validation loss decreased (inf --> 0.368034).  Saving model ...
	iters: 100, epoch: 2 | loss: 0.3320439
	speed: 6.7569s/iter; left time: 5908920.8003s
	iters: 200, epoch: 2 | loss: 0.3105039
	speed: 0.3043s/iter; left time: 266105.7647s
	iters: 300, epoch: 2 | loss: 0.3036068
	speed: 0.3043s/iter; left time: 266082.8654s
	iters: 400, epoch: 2 | loss: 0.3073597
	speed: 0.3039s/iter; left time: 265708.6899s
	iters: 500, epoch: 2 | loss: 0.2927975
	speed: 0.3040s/iter; left time: 265747.2041s
	iters: 600, epoch: 2 | loss: 0.2978511
	speed: 0.3045s/iter; left time: 266117.4361s
	iters: 700, epoch: 2 | loss: 0.3327399
	speed: 0.3039s/iter; left time: 265607.8998s
	iters: 800, epoch: 2 | loss: 0.3304474
	speed: 0.3043s/iter; left time: 265930.9661s
	iters: 900, epoch: 2 | loss: 0.3212143
	speed: 0.3040s/iter; left time: 265592.7328s
	iters: 1000, epoch: 2 | loss: 0.2978607
	speed: 0.3046s/iter; left time: 266097.9677s
	iters: 1100, epoch: 2 | loss: 0.2893653
	speed: 0.3043s/iter; left time: 265819.5223s
	iters: 1200, epoch: 2 | loss: 0.3160388
	speed: 0.3046s/iter; left time: 266016.7973s
	iters: 1300, epoch: 2 | loss: 0.2788663
	speed: 0.3050s/iter; left time: 266362.0716s
	iters: 1400, epoch: 2 | loss: 0.2638073
	speed: 0.3043s/iter; left time: 265755.7841s
	iters: 1500, epoch: 2 | loss: 0.2952287
	speed: 0.3048s/iter; left time: 266139.9179s
	iters: 1600, epoch: 2 | loss: 0.2665444
	speed: 0.3053s/iter; left time: 266525.3971s
	iters: 1700, epoch: 2 | loss: 0.2916432
	speed: 0.3046s/iter; left time: 265857.6882s
	iters: 1800, epoch: 2 | loss: 0.2960464
	speed: 0.3042s/iter; left time: 265530.0183s
	iters: 1900, epoch: 2 | loss: 0.2852342
	speed: 0.3042s/iter; left time: 265499.1359s
	iters: 2000, epoch: 2 | loss: 0.3319656
	speed: 0.3045s/iter; left time: 265733.5657s
	iters: 2100, epoch: 2 | loss: 0.3207733
	speed: 0.3043s/iter; left time: 265483.4232s
	iters: 2200, epoch: 2 | loss: 0.3006666
	speed: 0.3043s/iter; left time: 265430.6192s
	iters: 2300, epoch: 2 | loss: 0.2956073
	speed: 0.3048s/iter; left time: 265910.8242s
	iters: 2400, epoch: 2 | loss: 0.3157790
	speed: 0.3051s/iter; left time: 266139.3257s
	iters: 2500, epoch: 2 | loss: 0.2888185
	speed: 0.3047s/iter; left time: 265726.1386s
	iters: 2600, epoch: 2 | loss: 0.3171752
	speed: 0.3049s/iter; left time: 265848.9161s
	iters: 2700, epoch: 2 | loss: 0.3581882
	speed: 0.3041s/iter; left time: 265189.6337s
	iters: 2800, epoch: 2 | loss: 0.3003071
	speed: 0.3046s/iter; left time: 265571.3802s
	iters: 2900, epoch: 2 | loss: 0.3469571
	speed: 0.3046s/iter; left time: 265479.7409s
	iters: 3000, epoch: 2 | loss: 0.2837909
	speed: 0.3043s/iter; left time: 265257.6876s
	iters: 3100, epoch: 2 | loss: 0.2866956
	speed: 0.3045s/iter; left time: 265405.2934s
	iters: 3200, epoch: 2 | loss: 0.2930856
	speed: 0.3043s/iter; left time: 265152.5560s
	iters: 3300, epoch: 2 | loss: 0.2754103
	speed: 0.3040s/iter; left time: 264891.8447s
	iters: 3400, epoch: 2 | loss: 0.3016299
	speed: 0.3040s/iter; left time: 264887.6645s
	iters: 3500, epoch: 2 | loss: 0.2720863
	speed: 0.3042s/iter; left time: 265021.2875s
	iters: 3600, epoch: 2 | loss: 0.3121137
	speed: 0.3049s/iter; left time: 265550.3897s
	iters: 3700, epoch: 2 | loss: 0.2977655
	speed: 0.3041s/iter; left time: 264849.4111s
	iters: 3800, epoch: 2 | loss: 0.2761380
	speed: 0.3044s/iter; left time: 265077.1795s
	iters: 3900, epoch: 2 | loss: 0.2898203
	speed: 0.3043s/iter; left time: 264973.9675s
	iters: 4000, epoch: 2 | loss: 0.2875358
	speed: 0.3041s/iter; left time: 264732.0541s
	iters: 4100, epoch: 2 | loss: 0.2737763
	speed: 0.3041s/iter; left time: 264762.0398s
	iters: 4200, epoch: 2 | loss: 0.2678812
	speed: 0.3043s/iter; left time: 264880.5213s
	iters: 4300, epoch: 2 | loss: 0.2627079
	speed: 0.3042s/iter; left time: 264766.7317s
Epoch: 2 cost time: 1338.5103361606598
Epoch: 2, Steps: 4395 | Train Loss: 0.2993391 Vali Loss: 0.3438115 Test Loss: 0.4300613
Validation loss decreased (0.368034 --> 0.343812).  Saving model ...
Traceback (most recent call last):
  File "/jobfs/116450645.gadi-pbs/timesnet/lib/python3.8/site-packages/torch/serialization.py", line 372, in save
    _save(obj, opened_zipfile, pickle_module, pickle_protocol)
  File "/jobfs/116450645.gadi-pbs/timesnet/lib/python3.8/site-packages/torch/serialization.py", line 493, in _save
    zip_file.write_record(name, buf_value, len(buf_value))
OSError: [Errno 122] Disk quota exceeded

During handling of the above exception, another exception occurred:

Traceback (most recent call last):
  File "/jobfs/116450645.gadi-pbs/timesnet/lib/python3.8/site-packages/torch/serialization.py", line 373, in save
    return
  File "/jobfs/116450645.gadi-pbs/timesnet/lib/python3.8/site-packages/torch/serialization.py", line 259, in __exit__
    self.file_like.write_end_of_file()
RuntimeError: [enforce fail at inline_container.cc:274] . unexpected pos 2761984 vs 2761872

During handling of the above exception, another exception occurred:

Traceback (most recent call last):
  File "run.py", line 158, in <module>
    exp.train(setting)
  File "/g/data/hn98/du/exlts/hourdayweek/exp/exp_long_term_forecasting.py", line 214, in train
    early_stopping(vali_loss, self.model, path)
  File "/g/data/hn98/du/exlts/hourdayweek/utils/tools.py", line 51, in __call__
    self.save_checkpoint(val_loss, model, path)
  File "/g/data/hn98/du/exlts/hourdayweek/utils/tools.py", line 57, in save_checkpoint
    torch.save(model.state_dict(), path + '/' + 'checkpoint.pth')
  File "/jobfs/116450645.gadi-pbs/timesnet/lib/python3.8/site-packages/torch/serialization.py", line 374, in save
    _legacy_save(obj, opened_file, pickle_module, pickle_protocol)
  File "/jobfs/116450645.gadi-pbs/timesnet/lib/python3.8/site-packages/torch/serialization.py", line 214, in __exit__
    self.file_like.close()
OSError: [Errno 122] Disk quota exceeded
terminate called after throwing an instance of 'c10::Error'
  what():  [enforce fail at inline_container.cc:274] . unexpected pos 2761984 vs 2761872
frame #0: c10::ThrowEnforceNotMet(char const*, int, char const*, std::string const&, void const*) + 0x47 (0x14cb77b0e6a7 in /jobfs/116450645.gadi-pbs/timesnet/lib/python3.8/site-packages/torch/lib/libc10.so)
frame #1: <unknown function> + 0x1c99500 (0x14cbb6e75500 in /jobfs/116450645.gadi-pbs/timesnet/lib/python3.8/site-packages/torch/lib/libtorch_cpu.so)
frame #2: <unknown function> + 0x1c956d3 (0x14cbb6e716d3 in /jobfs/116450645.gadi-pbs/timesnet/lib/python3.8/site-packages/torch/lib/libtorch_cpu.so)
frame #3: caffe2::serialize::PyTorchStreamWriter::writeRecord(std::string const&, void const*, unsigned long, bool) + 0xa9 (0x14cbb6e76609 in /jobfs/116450645.gadi-pbs/timesnet/lib/python3.8/site-packages/torch/lib/libtorch_cpu.so)
frame #4: caffe2::serialize::PyTorchStreamWriter::writeEndOfFile() + 0xe1 (0x14cbb6e77141 in /jobfs/116450645.gadi-pbs/timesnet/lib/python3.8/site-packages/torch/lib/libtorch_cpu.so)
frame #5: caffe2::serialize::PyTorchStreamWriter::~PyTorchStreamWriter() + 0x115 (0x14cbb6e77935 in /jobfs/116450645.gadi-pbs/timesnet/lib/python3.8/site-packages/torch/lib/libtorch_cpu.so)
frame #6: <unknown function> + 0x654323 (0x14cbc6548323 in /jobfs/116450645.gadi-pbs/timesnet/lib/python3.8/site-packages/torch/lib/libtorch_python.so)
frame #7: <unknown function> + 0x2c2b90 (0x14cbc61b6b90 in /jobfs/116450645.gadi-pbs/timesnet/lib/python3.8/site-packages/torch/lib/libtorch_python.so)
frame #8: <unknown function> + 0x2c3cfe (0x14cbc61b7cfe in /jobfs/116450645.gadi-pbs/timesnet/lib/python3.8/site-packages/torch/lib/libtorch_python.so)
frame #9: python() [0x4e0800]
frame #10: python() [0x4f16a8]
frame #11: python() [0x4f1691]
frame #12: python() [0x4f1691]
frame #13: python() [0x4f1691]
frame #14: python() [0x4f1691]
frame #15: python() [0x4c9280]
<omitting python frames>
frame #21: __libc_start_main + 0xe5 (0x14cbd5307d85 in /lib64/libc.so.6)
frame #22: python() [0x57a64d]

Args in experiment:
Namespace(activation='gelu', anomaly_ratio=0.25, batch_size=32, c_out=212, checkpoints='./checkpoints/', d_ff=2048, d_layers=1, d_model=128, data='custom', data_path='pems08_h.csv', dec_in=212, des='Exp', devices='0,1,2,3', distil=True, dropout=0, e_layers=2, embed='timeF', enc_in=212, factor=3, features='M', freq='h', gap_day=365, gpu=0, inverse=False, is_training=1, itr=1, label_len=48, learning_rate=0.0005, loss='MSE', lradj='type3', mask_rate=0.25, model='Autoformer', model_id='pems08_h_96_720', moving_avg=25, n_heads=8, num_kernels=6, num_workers=10, output_attention=False, p_hidden_dims=[128, 128], p_hidden_layers=2, patience=5, pred_len=720, root_path='../../data/pems/', samle_rate=1.0, sample_seed=7, seasonal_patterns='Monthly', seq_len=96, target='OT', task_name='long_term_forecast', top_k=5, train_epochs=200, train_seed=2024, use_amp=False, use_gpu=True, use_multi_gpu=False)
Use GPU: cuda:0
>>>>>>>start training : long_term_forecast_pems08_h_96_720_Autoformer_custom_ftM_sl96_ll48_pl720_dm128_nh8_el2_dl1_df2048_fc3_ebtimeF_dtTrue_srate1.0_sseed7_trainseed2024_Exp_0>>>>>>>>>>>>>>>>>>>>>>>>>>
train 140657
val 19493
test 39701
	iters: 100, epoch: 1 | loss: 0.3493785
	speed: 0.3103s/iter; left time: 272689.2075s
	iters: 200, epoch: 1 | loss: 0.3248469
	speed: 0.3058s/iter; left time: 268715.8565s
	iters: 300, epoch: 1 | loss: 0.2846237
	speed: 0.3044s/iter; left time: 267501.1319s
	iters: 400, epoch: 1 | loss: 0.2949539
	speed: 0.3062s/iter; left time: 269023.2828s
	iters: 500, epoch: 1 | loss: 0.2803686
	speed: 0.3055s/iter; left time: 268381.5712s
	iters: 600, epoch: 1 | loss: 0.2648662
	speed: 0.3069s/iter; left time: 269606.6542s
	iters: 700, epoch: 1 | loss: 0.2457885
	speed: 0.3065s/iter; left time: 269198.8176s
	iters: 800, epoch: 1 | loss: 0.2695383
	speed: 0.3064s/iter; left time: 269051.1434s
	iters: 900, epoch: 1 | loss: 0.2395773
	speed: 0.3064s/iter; left time: 269089.7783s
	iters: 1000, epoch: 1 | loss: 0.2395212
	speed: 0.3056s/iter; left time: 268304.7294s
	iters: 1100, epoch: 1 | loss: 0.2093891
	speed: 0.3043s/iter; left time: 267153.6514s
	iters: 1200, epoch: 1 | loss: 0.3317147
	speed: 0.3056s/iter; left time: 268244.9998s
	iters: 1300, epoch: 1 | loss: 0.3165397
	speed: 0.3062s/iter; left time: 268752.9053s
	iters: 1400, epoch: 1 | loss: 0.2825694
	speed: 0.3065s/iter; left time: 268955.6235s
	iters: 1500, epoch: 1 | loss: 0.3156755
	speed: 0.3069s/iter; left time: 269284.9374s
	iters: 1600, epoch: 1 | loss: 0.2898001
	speed: 0.3047s/iter; left time: 267367.9597s
	iters: 1700, epoch: 1 | loss: 0.3031964
	speed: 0.3052s/iter; left time: 267760.5459s
	iters: 1800, epoch: 1 | loss: 0.2489595
	speed: 0.3068s/iter; left time: 269101.7934s
	iters: 1900, epoch: 1 | loss: 0.2722915
	speed: 0.3071s/iter; left time: 269352.9307s
	iters: 2000, epoch: 1 | loss: 0.2566392
	speed: 0.3056s/iter; left time: 268003.9338s
	iters: 2100, epoch: 1 | loss: 0.2261289
	speed: 0.3057s/iter; left time: 268053.8205s
	iters: 2200, epoch: 1 | loss: 0.2692290
	speed: 0.3045s/iter; left time: 266976.4456s
	iters: 2300, epoch: 1 | loss: 0.2651572
	speed: 0.3057s/iter; left time: 267970.3394s
	iters: 2400, epoch: 1 | loss: 0.2190561
	speed: 0.3065s/iter; left time: 268638.0630s
	iters: 2500, epoch: 1 | loss: 0.2322122
	speed: 0.3068s/iter; left time: 268948.4696s
	iters: 2600, epoch: 1 | loss: 0.2432509
	speed: 0.3065s/iter; left time: 268627.5910s
	iters: 2700, epoch: 1 | loss: 0.2209549
	speed: 0.3065s/iter; left time: 268563.5429s
	iters: 2800, epoch: 1 | loss: 0.2160766
	speed: 0.3047s/iter; left time: 266981.5054s
	iters: 2900, epoch: 1 | loss: 0.2762179
	speed: 0.3061s/iter; left time: 268155.5970s
	iters: 3000, epoch: 1 | loss: 0.2353467
	speed: 0.3063s/iter; left time: 268321.0935s
	iters: 3100, epoch: 1 | loss: 0.2273424
	speed: 0.3050s/iter; left time: 267190.7401s
	iters: 3200, epoch: 1 | loss: 0.2359584
	speed: 0.3078s/iter; left time: 269583.0549s
	iters: 3300, epoch: 1 | loss: 0.2097270
	speed: 0.3068s/iter; left time: 268622.6510s
	iters: 3400, epoch: 1 | loss: 0.2205993
	speed: 0.3064s/iter; left time: 268312.6033s
	iters: 3500, epoch: 1 | loss: 0.2066157
	speed: 0.3065s/iter; left time: 268332.2821s
	iters: 3600, epoch: 1 | loss: 0.2205987
	speed: 0.3075s/iter; left time: 269190.2447s
	iters: 3700, epoch: 1 | loss: 0.2208035
	speed: 0.3065s/iter; left time: 268294.7662s
	iters: 3800, epoch: 1 | loss: 0.2272749
	speed: 0.3069s/iter; left time: 268607.4213s
	iters: 3900, epoch: 1 | loss: 0.1961835
	speed: 0.3071s/iter; left time: 268737.0099s
	iters: 4000, epoch: 1 | loss: 0.2192667
	speed: 0.3069s/iter; left time: 268527.1054s
	iters: 4100, epoch: 1 | loss: 0.1987848
	speed: 0.3068s/iter; left time: 268446.4420s
	iters: 4200, epoch: 1 | loss: 0.2143882
	speed: 0.3071s/iter; left time: 268662.4666s
	iters: 4300, epoch: 1 | loss: 0.1948761
	speed: 0.3049s/iter; left time: 266685.6512s
Epoch: 1 cost time: 1346.0850172042847
Epoch: 1, Steps: 4395 | Train Loss: 0.2560168 Vali Loss: 0.3251366 Test Loss: 0.4645637
Validation loss decreased (inf --> 0.325137).  Saving model ...
	iters: 100, epoch: 2 | loss: 0.2218169
	speed: 6.7782s/iter; left time: 5927599.4409s
	iters: 200, epoch: 2 | loss: 0.2048610
	speed: 0.3052s/iter; left time: 266835.5761s
	iters: 300, epoch: 2 | loss: 0.2034837
	speed: 0.3038s/iter; left time: 265573.0490s
	iters: 400, epoch: 2 | loss: 0.3456138
	speed: 0.3120s/iter; left time: 272754.6735s
	iters: 500, epoch: 2 | loss: 0.3116329
	speed: 0.3051s/iter; left time: 266720.0444s
	iters: 600, epoch: 2 | loss: 0.3079807
	speed: 0.3048s/iter; left time: 266365.1782s
	iters: 700, epoch: 2 | loss: 0.3402840
	speed: 0.3050s/iter; left time: 266506.7242s
	iters: 800, epoch: 2 | loss: 0.3304533
	speed: 0.3047s/iter; left time: 266291.2589s
	iters: 900, epoch: 2 | loss: 0.3217185
	speed: 0.3052s/iter; left time: 266669.4276s
	iters: 1000, epoch: 2 | loss: 0.2971125
	speed: 0.3049s/iter; left time: 266358.4475s
	iters: 1100, epoch: 2 | loss: 0.2821190
	speed: 0.3050s/iter; left time: 266457.9206s
	iters: 1200, epoch: 2 | loss: 0.3098950
	speed: 0.3047s/iter; left time: 266149.9497s
	iters: 1300, epoch: 2 | loss: 0.2743350
	speed: 0.3048s/iter; left time: 266154.9919s
	iters: 1400, epoch: 2 | loss: 0.2614213
	speed: 0.3050s/iter; left time: 266349.2859s
	iters: 1500, epoch: 2 | loss: 0.2898814
	speed: 0.3047s/iter; left time: 266056.5667s
	iters: 1600, epoch: 2 | loss: 0.2605101
	speed: 0.3050s/iter; left time: 266235.6651s
	iters: 1700, epoch: 2 | loss: 0.2733575
	speed: 0.3052s/iter; left time: 266401.7809s
	iters: 1800, epoch: 2 | loss: 0.2884741
	speed: 0.3054s/iter; left time: 266595.0433s
	iters: 1900, epoch: 2 | loss: 0.2771696
	speed: 0.3042s/iter; left time: 265447.3225s
	iters: 2000, epoch: 2 | loss: 0.3085114
	speed: 0.3046s/iter; left time: 265807.0161s
	iters: 2100, epoch: 2 | loss: 0.2994487
	speed: 0.3051s/iter; left time: 266183.1706s
	iters: 2200, epoch: 2 | loss: 0.2831127
	speed: 0.3047s/iter; left time: 265836.9761s
	iters: 2300, epoch: 2 | loss: 0.2809881
	speed: 0.3045s/iter; left time: 265604.0418s
	iters: 2400, epoch: 2 | loss: 0.2980469
	speed: 0.3046s/iter; left time: 265630.8503s
	iters: 2500, epoch: 2 | loss: 0.2777337
	speed: 0.3056s/iter; left time: 266523.7085s
	iters: 2600, epoch: 2 | loss: 0.2998535
	speed: 0.3083s/iter; left time: 268841.8525s
	iters: 2700, epoch: 2 | loss: 0.3351543
	speed: 0.3051s/iter; left time: 266058.5018s
	iters: 2800, epoch: 2 | loss: 0.2802393
	speed: 0.3049s/iter; left time: 265778.4285s
	iters: 2900, epoch: 2 | loss: 0.3274229
	speed: 0.3057s/iter; left time: 266495.5352s
	iters: 3000, epoch: 2 | loss: 0.2641297
	speed: 0.3047s/iter; left time: 265589.2500s
	iters: 3100, epoch: 2 | loss: 0.2585027
	speed: 0.3049s/iter; left time: 265716.2618s
	iters: 3200, epoch: 2 | loss: 0.2714785
	speed: 0.3044s/iter; left time: 265225.1658s
	iters: 3300, epoch: 2 | loss: 0.2505789
	speed: 0.3048s/iter; left time: 265615.9796s
	iters: 3400, epoch: 2 | loss: 0.2693608
	speed: 0.3044s/iter; left time: 265226.1577s
	iters: 3500, epoch: 2 | loss: 0.2343246
	speed: 0.3047s/iter; left time: 265442.3580s
	iters: 3600, epoch: 2 | loss: 0.2794743
	speed: 0.3044s/iter; left time: 265156.0586s
	iters: 3700, epoch: 2 | loss: 0.2817412
	speed: 0.3049s/iter; left time: 265534.8396s
	iters: 3800, epoch: 2 | loss: 0.2586536
	speed: 0.3053s/iter; left time: 265866.3603s
	iters: 3900, epoch: 2 | loss: 0.2683641
	speed: 0.3049s/iter; left time: 265480.3313s
	iters: 4000, epoch: 2 | loss: 0.2621713
	speed: 0.3046s/iter; left time: 265207.1061s
	iters: 4100, epoch: 2 | loss: 0.2436521
	speed: 0.3049s/iter; left time: 265442.6788s
	iters: 4200, epoch: 2 | loss: 0.2381087
	speed: 0.3048s/iter; left time: 265335.3181s
	iters: 4300, epoch: 2 | loss: 0.2758096
	speed: 0.3043s/iter; left time: 264868.9614s
Epoch: 2 cost time: 1341.4717285633087
Epoch: 2, Steps: 4395 | Train Loss: 0.2833038 Vali Loss: 0.3685931 Test Loss: 0.6047339
EarlyStopping counter: 1 out of 5
	iters: 100, epoch: 3 | loss: 0.2563733
	speed: 6.7923s/iter; left time: 5910055.1405s
	iters: 200, epoch: 3 | loss: 0.2492251
	speed: 0.3049s/iter; left time: 265251.1019s
	iters: 300, epoch: 3 | loss: 0.2357606
	speed: 0.3036s/iter; left time: 264145.8557s
	iters: 400, epoch: 3 | loss: 0.2224599
	speed: 0.3047s/iter; left time: 265042.6581s
	iters: 500, epoch: 3 | loss: 0.2484312
	speed: 0.3039s/iter; left time: 264264.6918s
	iters: 600, epoch: 3 | loss: 0.2354082
	speed: 0.3035s/iter; left time: 263936.0271s
	iters: 700, epoch: 3 | loss: 0.2404223
	speed: 0.3038s/iter; left time: 264131.4775s
	iters: 800, epoch: 3 | loss: 0.2357075
	speed: 0.3038s/iter; left time: 264136.0672s
	iters: 900, epoch: 3 | loss: 0.2446528
	speed: 0.3039s/iter; left time: 264191.4524s
	iters: 1000, epoch: 3 | loss: 0.2417131
	speed: 0.3039s/iter; left time: 264143.6516s
	iters: 1100, epoch: 3 | loss: 0.2817194
	speed: 0.3037s/iter; left time: 263948.2948s
	iters: 1200, epoch: 3 | loss: 0.2088510
	speed: 0.3042s/iter; left time: 264371.2095s
	iters: 1300, epoch: 3 | loss: 0.2522789
	speed: 0.3040s/iter; left time: 264109.8218s
	iters: 1400, epoch: 3 | loss: 0.2259464
	speed: 0.3040s/iter; left time: 264096.5755s
	iters: 1500, epoch: 3 | loss: 0.2329867
	speed: 0.3042s/iter; left time: 264276.3540s
	iters: 1600, epoch: 3 | loss: 0.2278621
	speed: 0.3038s/iter; left time: 263872.4297s
	iters: 1700, epoch: 3 | loss: 0.2666940
	speed: 0.3041s/iter; left time: 264156.3531s
	iters: 1800, epoch: 3 | loss: 0.2382739
	speed: 0.3036s/iter; left time: 263681.1904s
	iters: 1900, epoch: 3 | loss: 0.2481409
	speed: 0.3041s/iter; left time: 264041.1926s
	iters: 2000, epoch: 3 | loss: 0.2158957
	speed: 0.3041s/iter; left time: 263999.5006s
	iters: 2100, epoch: 3 | loss: 0.2350478
	speed: 0.3047s/iter; left time: 264550.9153s
	iters: 2200, epoch: 3 | loss: 0.2534603
	speed: 0.3038s/iter; left time: 263679.4108s
	iters: 2300, epoch: 3 | loss: 0.2456286
	speed: 0.3039s/iter; left time: 263769.4251s
	iters: 2400, epoch: 3 | loss: 0.2403339
	speed: 0.3041s/iter; left time: 263897.4340s
	iters: 2500, epoch: 3 | loss: 0.2110495
	speed: 0.3041s/iter; left time: 263895.4309s
	iters: 2600, epoch: 3 | loss: 0.2235408
	speed: 0.3039s/iter; left time: 263671.9607s
	iters: 2700, epoch: 3 | loss: 0.2489773
	speed: 0.3041s/iter; left time: 263829.5317s
	iters: 2800, epoch: 3 | loss: 0.2064957
	speed: 0.3037s/iter; left time: 263445.5624s
	iters: 2900, epoch: 3 | loss: 0.2219950
	speed: 0.3044s/iter; left time: 264021.1521s
	iters: 3000, epoch: 3 | loss: 0.2312537
	speed: 0.3043s/iter; left time: 263903.8078s
	iters: 3100, epoch: 3 | loss: 0.2133909
	speed: 0.3039s/iter; left time: 263490.4778s
	iters: 3200, epoch: 3 | loss: 0.2134732
	speed: 0.3041s/iter; left time: 263676.2199s
	iters: 3300, epoch: 3 | loss: 0.2215658
	speed: 0.3042s/iter; left time: 263677.3959s
	iters: 3400, epoch: 3 | loss: 0.2222154
	speed: 0.3038s/iter; left time: 263377.6703s
	iters: 3500, epoch: 3 | loss: 0.2657816
	speed: 0.3036s/iter; left time: 263168.5668s
	iters: 3600, epoch: 3 | loss: 0.2900800
	speed: 0.3041s/iter; left time: 263515.0314s
	iters: 3700, epoch: 3 | loss: 0.3316157
	speed: 0.3045s/iter; left time: 263863.5679s
	iters: 3800, epoch: 3 | loss: 0.2560431
	speed: 0.3040s/iter; left time: 263425.0881s
	iters: 3900, epoch: 3 | loss: 0.2215964
	speed: 0.3039s/iter; left time: 263252.0132s
	iters: 4000, epoch: 3 | loss: 0.2364263
	speed: 0.3041s/iter; left time: 263419.9247s
	iters: 4100, epoch: 3 | loss: 0.2314567
	speed: 0.3041s/iter; left time: 263411.8199s
	iters: 4200, epoch: 3 | loss: 0.2295625
	speed: 0.3037s/iter; left time: 263030.6523s
	iters: 4300, epoch: 3 | loss: 0.2248431
	speed: 0.3042s/iter; left time: 263411.2293s
Epoch: 3 cost time: 1336.5972692966461
Epoch: 3, Steps: 4395 | Train Loss: 0.2393791 Vali Loss: 0.3339920 Test Loss: 0.5427951
EarlyStopping counter: 2 out of 5
	iters: 100, epoch: 4 | loss: 0.2158026
	speed: 6.8022s/iter; left time: 5888768.2154s
	iters: 200, epoch: 4 | loss: 0.2765490
	speed: 0.3043s/iter; left time: 263368.1543s
	iters: 300, epoch: 4 | loss: 0.2464889
	speed: 0.3043s/iter; left time: 263369.2144s
	iters: 400, epoch: 4 | loss: 0.2565255
	speed: 0.3039s/iter; left time: 263034.5292s
	iters: 500, epoch: 4 | loss: 0.2395791
	speed: 0.3042s/iter; left time: 263227.9746s
	iters: 600, epoch: 4 | loss: 0.2305356
	speed: 0.3041s/iter; left time: 263088.6329s
	iters: 700, epoch: 4 | loss: 0.2239174
	speed: 0.3038s/iter; left time: 262848.3460s
	iters: 800, epoch: 4 | loss: 0.2333702
	speed: 0.3042s/iter; left time: 263133.0935s
	iters: 900, epoch: 4 | loss: 0.1921699
	speed: 0.3045s/iter; left time: 263384.8525s
	iters: 1000, epoch: 4 | loss: 0.2161374
	speed: 0.3038s/iter; left time: 262719.9759s
	iters: 1100, epoch: 4 | loss: 0.2342099
	speed: 0.3039s/iter; left time: 262799.0746s
	iters: 1200, epoch: 4 | loss: 0.2153915
	speed: 0.3039s/iter; left time: 262713.9817s
	iters: 1300, epoch: 4 | loss: 0.1954682
	speed: 0.3041s/iter; left time: 262878.7748s
	iters: 1400, epoch: 4 | loss: 0.2283587
	speed: 0.3038s/iter; left time: 262630.1890s
	iters: 1500, epoch: 4 | loss: 0.2025435
	speed: 0.3042s/iter; left time: 262929.6674s
	iters: 1600, epoch: 4 | loss: 0.2023159
	speed: 0.3043s/iter; left time: 262976.8662s
	iters: 1700, epoch: 4 | loss: 0.2894143
	speed: 0.3041s/iter; left time: 262819.6552s
	iters: 1800, epoch: 4 | loss: 0.2122574
	speed: 0.3043s/iter; left time: 262916.4603s
	iters: 1900, epoch: 4 | loss: 0.2192988
	speed: 0.3038s/iter; left time: 262460.5139s
	iters: 2000, epoch: 4 | loss: 0.2117918
	speed: 0.3041s/iter; left time: 262698.2164s
	iters: 2100, epoch: 4 | loss: 0.2259434
	speed: 0.3040s/iter; left time: 262530.9343s
	iters: 2200, epoch: 4 | loss: 0.2246470
	speed: 0.3037s/iter; left time: 262284.3210s
	iters: 2300, epoch: 4 | loss: 0.2327985
	speed: 0.3039s/iter; left time: 262452.5221s
	iters: 2400, epoch: 4 | loss: 0.1886110
	speed: 0.3039s/iter; left time: 262397.6176s
	iters: 2500, epoch: 4 | loss: 0.2277738
	speed: 0.3042s/iter; left time: 262651.6024s
	iters: 2600, epoch: 4 | loss: 0.2173808
	speed: 0.3040s/iter; left time: 262399.8625s
	iters: 2700, epoch: 4 | loss: 0.2263777
	speed: 0.3040s/iter; left time: 262405.2955s
	iters: 2800, epoch: 4 | loss: 0.2002208
	speed: 0.3039s/iter; left time: 262294.3244s
	iters: 2900, epoch: 4 | loss: 0.1904044
	speed: 0.3043s/iter; left time: 262616.4465s
	iters: 3000, epoch: 4 | loss: 0.1860025
	speed: 0.3040s/iter; left time: 262262.5010s
	iters: 3100, epoch: 4 | loss: 0.2086294
	speed: 0.3040s/iter; left time: 262302.8716s
	iters: 3200, epoch: 4 | loss: 0.2135650
	speed: 0.3038s/iter; left time: 262021.9484s
	iters: 3300, epoch: 4 | loss: 0.2085740
	speed: 0.3046s/iter; left time: 262706.3073s
	iters: 3400, epoch: 4 | loss: 0.1950040
	speed: 0.3044s/iter; left time: 262511.7511s
	iters: 3500, epoch: 4 | loss: 0.2255265
	speed: 0.3043s/iter; left time: 262401.6965s
	iters: 3600, epoch: 4 | loss: 0.2186820
	speed: 0.3038s/iter; left time: 261929.0316s
	iters: 3700, epoch: 4 | loss: 0.2356118
	speed: 0.3043s/iter; left time: 262343.9918s
	iters: 3800, epoch: 4 | loss: 0.2023949
	speed: 0.3040s/iter; left time: 262041.6968s
	iters: 3900, epoch: 4 | loss: 0.2304667
	speed: 0.3041s/iter; left time: 262071.9279s
	iters: 4000, epoch: 4 | loss: 0.1906822
	speed: 0.3041s/iter; left time: 262067.7713s
	iters: 4100, epoch: 4 | loss: 0.1940761
	speed: 0.3041s/iter; left time: 262060.4941s
	iters: 4200, epoch: 4 | loss: 0.1982282
	speed: 0.3039s/iter; left time: 261840.6291s
	iters: 4300, epoch: 4 | loss: 0.2292482
	speed: 0.3040s/iter; left time: 261887.8814s
Epoch: 4 cost time: 1337.0603721141815
Epoch: 4, Steps: 4395 | Train Loss: 0.2157798 Vali Loss: 0.2934659 Test Loss: 0.4877709
Validation loss decreased (0.325137 --> 0.293466).  Saving model ...
	iters: 100, epoch: 5 | loss: 0.1850188
	speed: 6.7890s/iter; left time: 5847495.0840s
	iters: 200, epoch: 5 | loss: 0.1973206
	speed: 0.3136s/iter; left time: 270100.1380s
	iters: 300, epoch: 5 | loss: 0.2023822
	speed: 0.3076s/iter; left time: 264870.2852s
	iters: 400, epoch: 5 | loss: 0.1923055
	speed: 0.3042s/iter; left time: 261927.1544s
	iters: 500, epoch: 5 | loss: 0.1867880
	speed: 0.3043s/iter; left time: 261970.3296s
	iters: 600, epoch: 5 | loss: 0.1810854
	speed: 0.3039s/iter; left time: 261621.5677s
	iters: 700, epoch: 5 | loss: 0.1984504
	speed: 0.3039s/iter; left time: 261533.4946s
	iters: 800, epoch: 5 | loss: 0.1795506
	speed: 0.3040s/iter; left time: 261650.9410s
	iters: 900, epoch: 5 | loss: 0.1927198
	speed: 0.3039s/iter; left time: 261543.3865s
	iters: 1000, epoch: 5 | loss: 0.2033400
	speed: 0.3043s/iter; left time: 261830.0619s
	iters: 1100, epoch: 5 | loss: 0.2253904
	speed: 0.3043s/iter; left time: 261806.4208s
	iters: 1200, epoch: 5 | loss: 0.2995953
	speed: 0.3039s/iter; left time: 261383.2248s
	iters: 1300, epoch: 5 | loss: 0.2753130
	speed: 0.3048s/iter; left time: 262151.1414s
	iters: 1400, epoch: 5 | loss: 0.2636139
	speed: 0.3042s/iter; left time: 261593.6440s
	iters: 1500, epoch: 5 | loss: 0.3159680
	speed: 0.3044s/iter; left time: 261784.5513s
	iters: 1600, epoch: 5 | loss: 0.2325647
	speed: 0.3041s/iter; left time: 261494.1145s
	iters: 1700, epoch: 5 | loss: 0.2662780
	speed: 0.3038s/iter; left time: 261217.4488s
	iters: 1800, epoch: 5 | loss: 0.2216272
	speed: 0.3042s/iter; left time: 261532.3209s
	iters: 1900, epoch: 5 | loss: 0.2147255
	speed: 0.3039s/iter; left time: 261203.2338s
	iters: 2000, epoch: 5 | loss: 0.2663800
	speed: 0.3040s/iter; left time: 261241.8779s
	iters: 2100, epoch: 5 | loss: 0.2532704
	speed: 0.3037s/iter; left time: 260936.3313s
	iters: 2200, epoch: 5 | loss: 0.2325303
	speed: 0.3037s/iter; left time: 260913.2095s
	iters: 2300, epoch: 5 | loss: 0.2137311
	speed: 0.3037s/iter; left time: 260910.5835s
	iters: 2400, epoch: 5 | loss: 0.1882726
	speed: 0.3038s/iter; left time: 261008.3758s
	iters: 2500, epoch: 5 | loss: 0.2097305
	speed: 0.3039s/iter; left time: 261055.5836s
	iters: 2600, epoch: 5 | loss: 0.1958978
	speed: 0.3045s/iter; left time: 261512.5122s
	iters: 2700, epoch: 5 | loss: 0.2206828
	speed: 0.3041s/iter; left time: 261166.3012s
	iters: 2800, epoch: 5 | loss: 0.2186173
	speed: 0.3045s/iter; left time: 261457.3253s
	iters: 2900, epoch: 5 | loss: 0.1758209
	speed: 0.3038s/iter; left time: 260858.5252s
	iters: 3000, epoch: 5 | loss: 0.1873166
	speed: 0.3037s/iter; left time: 260721.3390s
	iters: 3100, epoch: 5 | loss: 0.1910807
	speed: 0.3042s/iter; left time: 261136.1338s
	iters: 3200, epoch: 5 | loss: 0.2556294
	speed: 0.3044s/iter; left time: 261267.9701s
	iters: 3300, epoch: 5 | loss: 0.1988757
	speed: 0.3039s/iter; left time: 260780.9228s
	iters: 3400, epoch: 5 | loss: 0.1922310
	speed: 0.3039s/iter; left time: 260737.9214s
	iters: 3500, epoch: 5 | loss: 0.2000531
	speed: 0.3039s/iter; left time: 260737.1450s
	iters: 3600, epoch: 5 | loss: 0.1977371
	speed: 0.3041s/iter; left time: 260829.9093s
	iters: 3700, epoch: 5 | loss: 0.2018169
	speed: 0.3040s/iter; left time: 260709.3652s
	iters: 3800, epoch: 5 | loss: 0.1888786
	speed: 0.3038s/iter; left time: 260587.1593s
	iters: 3900, epoch: 5 | loss: 0.1891401
	speed: 0.3037s/iter; left time: 260456.4043s
	iters: 4000, epoch: 5 | loss: 0.1831659
	speed: 0.3042s/iter; left time: 260806.1943s
	iters: 4100, epoch: 5 | loss: 0.1919074
	speed: 0.3040s/iter; left time: 260615.5446s
	iters: 4200, epoch: 5 | loss: 0.1809013
	speed: 0.3038s/iter; left time: 260422.5554s
	iters: 4300, epoch: 5 | loss: 0.1686631
	speed: 0.3041s/iter; left time: 260641.8649s
Epoch: 5 cost time: 1338.9740719795227
Epoch: 5, Steps: 4395 | Train Loss: 0.2124778 Vali Loss: 0.3009900 Test Loss: 0.5183768
EarlyStopping counter: 1 out of 5
	iters: 100, epoch: 6 | loss: 0.2017682
	speed: 6.7926s/iter; left time: 5820724.7584s
	iters: 200, epoch: 6 | loss: 0.1960823
	speed: 0.3042s/iter; left time: 260665.3272s
	iters: 300, epoch: 6 | loss: 0.1996877
	speed: 0.3040s/iter; left time: 260413.1406s
	iters: 400, epoch: 6 | loss: 0.1639623
	speed: 0.3044s/iter; left time: 260767.5159s
	iters: 500, epoch: 6 | loss: 0.2001694
	speed: 0.3045s/iter; left time: 260786.9861s
	iters: 600, epoch: 6 | loss: 0.1875675
	speed: 0.3050s/iter; left time: 261167.6815s
	iters: 700, epoch: 6 | loss: 0.1707693
	speed: 0.3049s/iter; left time: 261085.0307s
	iters: 800, epoch: 6 | loss: 0.1834980
	speed: 0.3044s/iter; left time: 260596.1347s
	iters: 900, epoch: 6 | loss: 0.1958780
	speed: 0.3047s/iter; left time: 260854.6362s
	iters: 1000, epoch: 6 | loss: 0.1878594
	speed: 0.3044s/iter; left time: 260559.1508s
	iters: 1100, epoch: 6 | loss: 0.1638711
	speed: 0.3047s/iter; left time: 260788.5838s
	iters: 1200, epoch: 6 | loss: 0.1739558
	speed: 0.3042s/iter; left time: 260320.8431s
	iters: 1300, epoch: 6 | loss: 0.1946530
	speed: 0.3095s/iter; left time: 264866.1673s
	iters: 1400, epoch: 6 | loss: 0.1884021
	speed: 0.3075s/iter; left time: 263079.1384s
	iters: 1500, epoch: 6 | loss: 0.1702612
	speed: 0.3049s/iter; left time: 260878.3991s
	iters: 1600, epoch: 6 | loss: 0.1835237
	speed: 0.3053s/iter; left time: 261159.9443s
	iters: 1700, epoch: 6 | loss: 0.1764888
	speed: 0.3045s/iter; left time: 260425.0004s
	iters: 1800, epoch: 6 | loss: 0.1967541
	speed: 0.3040s/iter; left time: 260026.5367s
	iters: 1900, epoch: 6 | loss: 0.1836334
	speed: 0.3040s/iter; left time: 259928.2981s
	iters: 2000, epoch: 6 | loss: 0.1677689
	speed: 0.3039s/iter; left time: 259827.7431s
	iters: 2100, epoch: 6 | loss: 0.1820360
	speed: 0.3044s/iter; left time: 260265.1330s
	iters: 2200, epoch: 6 | loss: 0.1673945
	speed: 0.3040s/iter; left time: 259824.7049s
	iters: 2300, epoch: 6 | loss: 0.1600851
	speed: 0.3039s/iter; left time: 259746.5820s
	iters: 2400, epoch: 6 | loss: 0.1726986
	speed: 0.3037s/iter; left time: 259545.9256s
	iters: 2500, epoch: 6 | loss: 0.1751516
	speed: 0.3041s/iter; left time: 259903.6221s
	iters: 2600, epoch: 6 | loss: 0.1861026
	speed: 0.3044s/iter; left time: 260074.6509s
	iters: 2700, epoch: 6 | loss: 0.1802026
	speed: 0.3048s/iter; left time: 260426.1116s
	iters: 2800, epoch: 6 | loss: 0.1752010
	speed: 0.3038s/iter; left time: 259473.5813s
	iters: 2900, epoch: 6 | loss: 0.1850066
	speed: 0.3044s/iter; left time: 259994.3258s
	iters: 3000, epoch: 6 | loss: 0.1752790
	speed: 0.3042s/iter; left time: 259752.5349s
	iters: 3100, epoch: 6 | loss: 0.1736953
	speed: 0.3038s/iter; left time: 259450.5162s
	iters: 3200, epoch: 6 | loss: 0.1788617
	speed: 0.3039s/iter; left time: 259445.2613s
	iters: 3300, epoch: 6 | loss: 0.1853704
	speed: 0.3040s/iter; left time: 259554.9888s
	iters: 3400, epoch: 6 | loss: 0.1863813
	speed: 0.3039s/iter; left time: 259417.1519s
	iters: 3500, epoch: 6 | loss: 0.1745110
	speed: 0.3042s/iter; left time: 259603.2455s
	iters: 3600, epoch: 6 | loss: 0.1678095
	speed: 0.3042s/iter; left time: 259607.7460s
	iters: 3700, epoch: 6 | loss: 0.1989394
	speed: 0.3042s/iter; left time: 259543.1370s
	iters: 3800, epoch: 6 | loss: 0.1819979
	speed: 0.3040s/iter; left time: 259402.6625s
	iters: 3900, epoch: 6 | loss: 0.1628474
	speed: 0.3040s/iter; left time: 259316.5606s
	iters: 4000, epoch: 6 | loss: 0.2070995
	speed: 0.3041s/iter; left time: 259375.8885s
	iters: 4100, epoch: 6 | loss: 0.2018800
	speed: 0.3039s/iter; left time: 259200.7960s
	iters: 4200, epoch: 6 | loss: 0.1604609
	speed: 0.3042s/iter; left time: 259398.9895s
	iters: 4300, epoch: 6 | loss: 0.1839215
	speed: 0.3040s/iter; left time: 259210.9115s
Epoch: 6 cost time: 1338.63347864151
Epoch: 6, Steps: 4395 | Train Loss: 0.1821523 Vali Loss: 0.2908148 Test Loss: 0.5659637
Validation loss decreased (0.293466 --> 0.290815).  Saving model ...
	iters: 100, epoch: 7 | loss: 0.1943807
	speed: 6.7967s/iter; left time: 5794389.1371s
	iters: 200, epoch: 7 | loss: 0.1863047
	speed: 0.3044s/iter; left time: 259505.8566s
	iters: 300, epoch: 7 | loss: 0.1781497
	speed: 0.3051s/iter; left time: 260076.8262s
	iters: 400, epoch: 7 | loss: 0.1718769
	speed: 0.3042s/iter; left time: 259220.8992s
	iters: 500, epoch: 7 | loss: 0.1685915
	speed: 0.3043s/iter; left time: 259265.0110s
	iters: 600, epoch: 7 | loss: 0.1667599
	speed: 0.3045s/iter; left time: 259405.7127s
	iters: 700, epoch: 7 | loss: 0.1683807
	speed: 0.3041s/iter; left time: 259084.9085s
	iters: 800, epoch: 7 | loss: 0.1831353
	speed: 0.3048s/iter; left time: 259638.5094s
	iters: 900, epoch: 7 | loss: 0.1927061
	speed: 0.3047s/iter; left time: 259513.2512s
	iters: 1000, epoch: 7 | loss: 0.1645413
	speed: 0.3045s/iter; left time: 259316.6166s
	iters: 1100, epoch: 7 | loss: 0.1680407
	speed: 0.3044s/iter; left time: 259233.1016s
	iters: 1200, epoch: 7 | loss: 0.1707316
	speed: 0.3043s/iter; left time: 259110.9484s
	iters: 1300, epoch: 7 | loss: 0.1674015
	speed: 0.3050s/iter; left time: 259688.0105s
	iters: 1400, epoch: 7 | loss: 0.1700894
	speed: 0.3042s/iter; left time: 258938.6076s
	iters: 1500, epoch: 7 | loss: 0.1778511
	speed: 0.3040s/iter; left time: 258785.4550s
	iters: 1600, epoch: 7 | loss: 0.1779751
	speed: 0.3045s/iter; left time: 259122.8214s
	iters: 1700, epoch: 7 | loss: 0.1648573
	speed: 0.3048s/iter; left time: 259360.8353s
	iters: 1800, epoch: 7 | loss: 0.1580773
	speed: 0.3049s/iter; left time: 259408.7445s
	iters: 1900, epoch: 7 | loss: 0.1722068
	speed: 0.3044s/iter; left time: 258945.2844s
	iters: 2000, epoch: 7 | loss: 0.1696534
	speed: 0.3043s/iter; left time: 258807.4423s
	iters: 2100, epoch: 7 | loss: 0.1540660
	speed: 0.3050s/iter; left time: 259441.3037s
	iters: 2200, epoch: 7 | loss: 0.1676141
	speed: 0.3047s/iter; left time: 259111.7071s
	iters: 2300, epoch: 7 | loss: 0.1726184
	speed: 0.3050s/iter; left time: 259337.3089s
	iters: 2400, epoch: 7 | loss: 0.1674099
	speed: 0.3043s/iter; left time: 258759.3675s
	iters: 2500, epoch: 7 | loss: 0.1520951
	speed: 0.3038s/iter; left time: 258306.5763s
	iters: 2600, epoch: 7 | loss: 0.1608904
	speed: 0.3040s/iter; left time: 258371.2816s
	iters: 2700, epoch: 7 | loss: 0.1654998
	speed: 0.3042s/iter; left time: 258547.0534s
	iters: 2800, epoch: 7 | loss: 0.1881139
	speed: 0.3038s/iter; left time: 258210.5444s
	iters: 2900, epoch: 7 | loss: 0.1655312
	speed: 0.3045s/iter; left time: 258718.5561s
	iters: 3000, epoch: 7 | loss: 0.1637703
	speed: 0.3042s/iter; left time: 258432.5048s
	iters: 3100, epoch: 7 | loss: 0.1717365
	speed: 0.3042s/iter; left time: 258436.4737s
	iters: 3200, epoch: 7 | loss: 0.1624273
	speed: 0.3038s/iter; left time: 258081.7126s
	iters: 3300, epoch: 7 | loss: 0.1768564
	speed: 0.3036s/iter; left time: 257853.0676s
	iters: 3400, epoch: 7 | loss: 0.1617612
	speed: 0.3043s/iter; left time: 258455.4142s
	iters: 3500, epoch: 7 | loss: 0.1695333
	speed: 0.3037s/iter; left time: 257864.9749s
	iters: 3600, epoch: 7 | loss: 0.1688942
	speed: 0.3038s/iter; left time: 257922.3336s
	iters: 3700, epoch: 7 | loss: 0.1834006
	speed: 0.3043s/iter; left time: 258298.1617s
	iters: 3800, epoch: 7 | loss: 0.1583543
	speed: 0.3038s/iter; left time: 257867.9193s
	iters: 3900, epoch: 7 | loss: 0.1612436
	speed: 0.3036s/iter; left time: 257715.4826s
	iters: 4000, epoch: 7 | loss: 0.1869829
	speed: 0.3038s/iter; left time: 257807.7011s
	iters: 4100, epoch: 7 | loss: 0.1712490
	speed: 0.3039s/iter; left time: 257906.4454s
	iters: 4200, epoch: 7 | loss: 0.1689744
	speed: 0.3047s/iter; left time: 258555.5314s
	iters: 4300, epoch: 7 | loss: 0.1663320
	speed: 0.3040s/iter; left time: 257860.1422s
Epoch: 7 cost time: 1338.1067123413086
Epoch: 7, Steps: 4395 | Train Loss: 0.1701290 Vali Loss: 0.3017625 Test Loss: 0.5880390
EarlyStopping counter: 1 out of 5
	iters: 100, epoch: 8 | loss: 0.1488722
	speed: 6.8002s/iter; left time: 5767516.3771s
	iters: 200, epoch: 8 | loss: 0.1613838
	speed: 0.3124s/iter; left time: 264896.9534s
	iters: 300, epoch: 8 | loss: 0.1512642
	speed: 0.3129s/iter; left time: 265329.2519s
	iters: 400, epoch: 8 | loss: 0.2100304
	speed: 0.3130s/iter; left time: 265376.8863s
	iters: 500, epoch: 8 | loss: 0.2955644
	speed: 0.3046s/iter; left time: 258261.1305s
	iters: 600, epoch: 8 | loss: 0.3159253
	speed: 0.3037s/iter; left time: 257399.3232s
	iters: 700, epoch: 8 | loss: 0.2773508
	speed: 0.3040s/iter; left time: 257633.1931s
	iters: 800, epoch: 8 | loss: 0.2600816
	speed: 0.3039s/iter; left time: 257494.2569s
	iters: 900, epoch: 8 | loss: 0.2409123
	speed: 0.3037s/iter; left time: 257320.0957s
	iters: 1000, epoch: 8 | loss: 0.2228396
	speed: 0.3038s/iter; left time: 257412.7699s
	iters: 1100, epoch: 8 | loss: 0.2096310
	speed: 0.3037s/iter; left time: 257234.2300s
	iters: 1200, epoch: 8 | loss: 0.1880636
	speed: 0.3040s/iter; left time: 257478.2188s
	iters: 1300, epoch: 8 | loss: 0.1800305
	speed: 0.3037s/iter; left time: 257255.7600s
	iters: 1400, epoch: 8 | loss: 0.1624520
	speed: 0.3035s/iter; left time: 257016.7644s
	iters: 1500, epoch: 8 | loss: 0.1793164
	speed: 0.3040s/iter; left time: 257438.6280s
	iters: 1600, epoch: 8 | loss: 0.1730349
	speed: 0.3126s/iter; left time: 264619.4194s
	iters: 1700, epoch: 8 | loss: 0.1843753
	speed: 0.3129s/iter; left time: 264902.4495s
	iters: 1800, epoch: 8 | loss: 0.1561138
	speed: 0.3134s/iter; left time: 265283.6466s
	iters: 1900, epoch: 8 | loss: 0.1592247
	speed: 0.3126s/iter; left time: 264564.2481s
	iters: 2000, epoch: 8 | loss: 0.1739409
	speed: 0.3127s/iter; left time: 264633.1531s
	iters: 2100, epoch: 8 | loss: 0.1701811
	speed: 0.3129s/iter; left time: 264751.7378s
	iters: 2200, epoch: 8 | loss: 0.1742836
	speed: 0.3132s/iter; left time: 265015.4724s
	iters: 2300, epoch: 8 | loss: 0.1587588
	speed: 0.3127s/iter; left time: 264525.4032s
	iters: 2400, epoch: 8 | loss: 0.1568347
	speed: 0.3131s/iter; left time: 264791.0698s
	iters: 2500, epoch: 8 | loss: 0.1735777
	speed: 0.3127s/iter; left time: 264473.8886s
	iters: 2600, epoch: 8 | loss: 0.1683014
	speed: 0.3130s/iter; left time: 264690.6705s
	iters: 2700, epoch: 8 | loss: 0.1680643
	speed: 0.3131s/iter; left time: 264777.5709s
	iters: 2800, epoch: 8 | loss: 0.1760599
	speed: 0.3127s/iter; left time: 264397.9593s
	iters: 2900, epoch: 8 | loss: 0.1769902
	speed: 0.3128s/iter; left time: 264386.6628s
	iters: 3000, epoch: 8 | loss: 0.1555960
	speed: 0.3130s/iter; left time: 264523.0817s
	iters: 3100, epoch: 8 | loss: 0.1694758
	speed: 0.3135s/iter; left time: 264916.1045s
	iters: 3200, epoch: 8 | loss: 0.1711885
	speed: 0.3127s/iter; left time: 264272.3332s
	iters: 3300, epoch: 8 | loss: 0.1501493
	speed: 0.3127s/iter; left time: 264171.5982s
	iters: 3400, epoch: 8 | loss: 0.1724985
	speed: 0.3128s/iter; left time: 264256.7624s
	iters: 3500, epoch: 8 | loss: 0.1476091
	speed: 0.3127s/iter; left time: 264135.3243s
	iters: 3600, epoch: 8 | loss: 0.1699162
	speed: 0.3131s/iter; left time: 264495.3816s
	iters: 3700, epoch: 8 | loss: 0.1593376
	speed: 0.3135s/iter; left time: 264748.6110s
	iters: 3800, epoch: 8 | loss: 0.1491028
	speed: 0.3118s/iter; left time: 263299.0028s
	iters: 3900, epoch: 8 | loss: 0.1675918
	speed: 0.3039s/iter; left time: 256624.3419s
	iters: 4000, epoch: 8 | loss: 0.1670539
	speed: 0.3042s/iter; left time: 256841.2005s
	iters: 4100, epoch: 8 | loss: 0.1608113
	speed: 0.3040s/iter; left time: 256617.2100s
	iters: 4200, epoch: 8 | loss: 0.1569237
	speed: 0.3038s/iter; left time: 256457.0966s
	iters: 4300, epoch: 8 | loss: 0.1417450
	speed: 0.3038s/iter; left time: 256417.3014s
Epoch: 8 cost time: 1360.4254293441772
Epoch: 8, Steps: 4395 | Train Loss: 0.1842893 Vali Loss: 0.3243355 Test Loss: 0.5891820
EarlyStopping counter: 2 out of 5
	iters: 100, epoch: 9 | loss: 0.1611579
	speed: 6.7801s/iter; left time: 5720684.2014s
	iters: 200, epoch: 9 | loss: 0.1582117
	speed: 0.3035s/iter; left time: 256051.1050s
	iters: 300, epoch: 9 | loss: 0.1628885
	speed: 0.3040s/iter; left time: 256402.8684s
	iters: 400, epoch: 9 | loss: 0.1518593
	speed: 0.3043s/iter; left time: 256663.2253s
	iters: 500, epoch: 9 | loss: 0.1668365
	speed: 0.3038s/iter; left time: 256212.4015s
	iters: 600, epoch: 9 | loss: 0.1653235
	speed: 0.3039s/iter; left time: 256262.4024s
	iters: 700, epoch: 9 | loss: 0.1507489
	speed: 0.3039s/iter; left time: 256188.5496s
	iters: 800, epoch: 9 | loss: 0.1623382
	speed: 0.3039s/iter; left time: 256185.7674s
	iters: 900, epoch: 9 | loss: 0.1602356
	speed: 0.3039s/iter; left time: 256159.9070s
	iters: 1000, epoch: 9 | loss: 0.1549879
	speed: 0.3044s/iter; left time: 256544.5984s
	iters: 1100, epoch: 9 | loss: 0.1820055
	speed: 0.3037s/iter; left time: 255969.7396s
	iters: 1200, epoch: 9 | loss: 0.1608254
	speed: 0.3041s/iter; left time: 256272.0205s
	iters: 1300, epoch: 9 | loss: 0.1521161
	speed: 0.3036s/iter; left time: 255817.0973s
	iters: 1400, epoch: 9 | loss: 0.1437576
	speed: 0.3041s/iter; left time: 256149.4622s
	iters: 1500, epoch: 9 | loss: 0.1462554
	speed: 0.3039s/iter; left time: 255999.8300s
	iters: 1600, epoch: 9 | loss: 0.1428247
	speed: 0.3038s/iter; left time: 255837.1597s
	iters: 1700, epoch: 9 | loss: 0.1584908
	speed: 0.3052s/iter; left time: 256991.4001s
	iters: 1800, epoch: 9 | loss: 0.1554974
	speed: 0.3041s/iter; left time: 256092.1807s
	iters: 1900, epoch: 9 | loss: 0.1562593
	speed: 0.3039s/iter; left time: 255864.7948s
	iters: 2000, epoch: 9 | loss: 0.1719283
	speed: 0.3038s/iter; left time: 255748.6293s
	iters: 2100, epoch: 9 | loss: 0.1563700
	speed: 0.3039s/iter; left time: 255782.3429s
	iters: 2200, epoch: 9 | loss: 0.1549282
	speed: 0.3041s/iter; left time: 255928.5490s
	iters: 2300, epoch: 9 | loss: 0.1512707
	speed: 0.3042s/iter; left time: 256032.3441s
	iters: 2400, epoch: 9 | loss: 0.1561437
	speed: 0.3043s/iter; left time: 256048.8679s
	iters: 2500, epoch: 9 | loss: 0.1435633
	speed: 0.3040s/iter; left time: 255738.2160s
	iters: 2600, epoch: 9 | loss: 0.1510015
	speed: 0.3043s/iter; left time: 256004.3665s
	iters: 2700, epoch: 9 | loss: 0.1606375
	speed: 0.3046s/iter; left time: 256238.8730s
	iters: 2800, epoch: 9 | loss: 0.1524662
	speed: 0.3040s/iter; left time: 255642.7955s
	iters: 2900, epoch: 9 | loss: 0.1669586
	speed: 0.3044s/iter; left time: 255953.8943s
	iters: 3000, epoch: 9 | loss: 0.1544882
	speed: 0.3040s/iter; left time: 255600.7838s
	iters: 3100, epoch: 9 | loss: 0.1500247
	speed: 0.3042s/iter; left time: 255720.8360s
	iters: 3200, epoch: 9 | loss: 0.1435268
	speed: 0.3042s/iter; left time: 255703.6599s
	iters: 3300, epoch: 9 | loss: 0.1402936
	speed: 0.3037s/iter; left time: 255257.5072s
	iters: 3400, epoch: 9 | loss: 0.1561676
	speed: 0.3039s/iter; left time: 255430.5895s
	iters: 3500, epoch: 9 | loss: 0.1804461
	speed: 0.3041s/iter; left time: 255532.6683s
	iters: 3600, epoch: 9 | loss: 0.1472540
	speed: 0.3044s/iter; left time: 255747.8355s
	iters: 3700, epoch: 9 | loss: 0.1497372
	speed: 0.3037s/iter; left time: 255185.5216s
	iters: 3800, epoch: 9 | loss: 0.1566865
	speed: 0.3047s/iter; left time: 255939.4273s
	iters: 3900, epoch: 9 | loss: 0.1508463
	speed: 0.3040s/iter; left time: 255340.2264s
	iters: 4000, epoch: 9 | loss: 0.1582847
	speed: 0.3040s/iter; left time: 255341.9662s
	iters: 4100, epoch: 9 | loss: 0.1477647
	speed: 0.3042s/iter; left time: 255409.2269s
	iters: 4200, epoch: 9 | loss: 0.1388603
	speed: 0.3038s/iter; left time: 255122.9620s
	iters: 4300, epoch: 9 | loss: 0.1553277
	speed: 0.3041s/iter; left time: 255315.5819s
Epoch: 9 cost time: 1336.8620767593384
Epoch: 9, Steps: 4395 | Train Loss: 0.1568087 Vali Loss: 0.5190670 Test Loss: 0.6183641
EarlyStopping counter: 3 out of 5
	iters: 100, epoch: 10 | loss: 0.1570465
	speed: 6.7644s/iter; left time: 5677684.5921s
	iters: 200, epoch: 10 | loss: 0.1339906
	speed: 0.3130s/iter; left time: 262691.7091s
	iters: 300, epoch: 10 | loss: 0.1450990
	speed: 0.3110s/iter; left time: 260941.0639s
	iters: 400, epoch: 10 | loss: 0.1523975
	speed: 0.3042s/iter; left time: 255219.1897s
	iters: 500, epoch: 10 | loss: 0.1481214
	speed: 0.3037s/iter; left time: 254805.4910s
	iters: 600, epoch: 10 | loss: 0.1617769
	speed: 0.3040s/iter; left time: 255019.5046s
	iters: 700, epoch: 10 | loss: 0.1387340
	speed: 0.3041s/iter; left time: 255085.4562s
	iters: 800, epoch: 10 | loss: 0.1438474
	speed: 0.3044s/iter; left time: 255316.4985s
	iters: 900, epoch: 10 | loss: 0.1548067
	speed: 0.3041s/iter; left time: 255016.8337s
	iters: 1000, epoch: 10 | loss: 0.1512822
	speed: 0.3044s/iter; left time: 255231.8285s
	iters: 1100, epoch: 10 | loss: 0.1458910
	speed: 0.3041s/iter; left time: 254956.3259s
	iters: 1200, epoch: 10 | loss: 0.1448701
	speed: 0.3045s/iter; left time: 255287.7247s
	iters: 1300, epoch: 10 | loss: 0.1469175
	speed: 0.3038s/iter; left time: 254604.3865s
	iters: 1400, epoch: 10 | loss: 0.1477134
	speed: 0.3038s/iter; left time: 254635.7115s
	iters: 1500, epoch: 10 | loss: 0.1410196
	speed: 0.3041s/iter; left time: 254820.7898s
	iters: 1600, epoch: 10 | loss: 0.1456150
	speed: 0.3043s/iter; left time: 254942.2916s
	iters: 1700, epoch: 10 | loss: 0.1456996
	speed: 0.3040s/iter; left time: 254706.2609s
	iters: 1800, epoch: 10 | loss: 0.1545768
	speed: 0.3041s/iter; left time: 254764.1731s
	iters: 1900, epoch: 10 | loss: 0.1902521
	speed: 0.3045s/iter; left time: 255001.7900s
	iters: 2000, epoch: 10 | loss: 0.1423704
	speed: 0.3041s/iter; left time: 254679.6086s
	iters: 2100, epoch: 10 | loss: 0.1555767
	speed: 0.3042s/iter; left time: 254690.4625s
	iters: 2200, epoch: 10 | loss: 0.1520374
	speed: 0.3039s/iter; left time: 254478.4383s
	iters: 2300, epoch: 10 | loss: 0.1416434
	speed: 0.3043s/iter; left time: 254781.4088s
	iters: 2400, epoch: 10 | loss: 0.1525076
	speed: 0.3042s/iter; left time: 254591.7614s
	iters: 2500, epoch: 10 | loss: 0.1493049
	speed: 0.3039s/iter; left time: 254383.3013s
	iters: 2600, epoch: 10 | loss: 0.1507809
	speed: 0.3038s/iter; left time: 254204.6121s
	iters: 2700, epoch: 10 | loss: 0.1457990
	speed: 0.3037s/iter; left time: 254155.7682s
	iters: 2800, epoch: 10 | loss: 0.1414885
	speed: 0.3042s/iter; left time: 254529.4603s
	iters: 2900, epoch: 10 | loss: 0.2840319
	speed: 0.3041s/iter; left time: 254386.8900s
	iters: 3000, epoch: 10 | loss: 0.2129551
	speed: 0.3043s/iter; left time: 254528.5161s
	iters: 3100, epoch: 10 | loss: 0.1839639
	speed: 0.3040s/iter; left time: 254230.1201s
	iters: 3200, epoch: 10 | loss: 0.1516216
	speed: 0.3038s/iter; left time: 254076.6313s
	iters: 3300, epoch: 10 | loss: 0.1449172
	speed: 0.3043s/iter; left time: 254436.2959s
	iters: 3400, epoch: 10 | loss: 0.1658641
	speed: 0.3043s/iter; left time: 254428.2329s
	iters: 3500, epoch: 10 | loss: 0.1643261
	speed: 0.3043s/iter; left time: 254368.0304s
	iters: 3600, epoch: 10 | loss: 0.1360767
	speed: 0.3042s/iter; left time: 254262.3072s
	iters: 3700, epoch: 10 | loss: 0.1561622
	speed: 0.3047s/iter; left time: 254667.1114s
	iters: 3800, epoch: 10 | loss: 0.1631325
	speed: 0.3039s/iter; left time: 253948.7559s
	iters: 3900, epoch: 10 | loss: 0.1546630
	speed: 0.3041s/iter; left time: 254100.9122s
	iters: 4000, epoch: 10 | loss: 0.1587349
	speed: 0.3043s/iter; left time: 254248.9315s
	iters: 4100, epoch: 10 | loss: 0.1653931
	speed: 0.3041s/iter; left time: 254012.7664s
	iters: 4200, epoch: 10 | loss: 0.1411160
	speed: 0.3043s/iter; left time: 254162.3514s
	iters: 4300, epoch: 10 | loss: 0.1432418
	speed: 0.3040s/iter; left time: 253901.2418s
Epoch: 10 cost time: 1340.1388683319092
Epoch: 10, Steps: 4395 | Train Loss: 0.1573054 Vali Loss: 0.3107007 Test Loss: 0.5857280
EarlyStopping counter: 4 out of 5
	iters: 100, epoch: 11 | loss: 0.1501909
	speed: 6.7702s/iter; left time: 5652746.0576s
	iters: 200, epoch: 11 | loss: 0.1476211
	speed: 0.3038s/iter; left time: 253612.5995s
	iters: 300, epoch: 11 | loss: 0.1647464
	speed: 0.3037s/iter; left time: 253489.8063s
	iters: 400, epoch: 11 | loss: 0.1808009
	speed: 0.3041s/iter; left time: 253827.8649s
	iters: 500, epoch: 11 | loss: 0.1445862
	speed: 0.3037s/iter; left time: 253411.7475s
	iters: 600, epoch: 11 | loss: 0.1506466
	speed: 0.3038s/iter; left time: 253472.1866s
	iters: 700, epoch: 11 | loss: 0.1544740
	speed: 0.3037s/iter; left time: 253364.9740s
	iters: 800, epoch: 11 | loss: 0.1527665
	speed: 0.3038s/iter; left time: 253480.3698s
	iters: 900, epoch: 11 | loss: 0.1530361
	speed: 0.3039s/iter; left time: 253482.8481s
	iters: 1000, epoch: 11 | loss: 0.1696168
	speed: 0.3039s/iter; left time: 253471.2436s
	iters: 1100, epoch: 11 | loss: 0.1422446
	speed: 0.3039s/iter; left time: 253465.0031s
	iters: 1200, epoch: 11 | loss: 0.1398074
	speed: 0.3044s/iter; left time: 253784.9967s
	iters: 1300, epoch: 11 | loss: 0.1531990
	speed: 0.3041s/iter; left time: 253512.7116s
	iters: 1400, epoch: 11 | loss: 0.1500745
	speed: 0.3040s/iter; left time: 253420.1180s
	iters: 1500, epoch: 11 | loss: 0.1666723
	speed: 0.3037s/iter; left time: 253171.9801s
	iters: 1600, epoch: 11 | loss: 0.1631230
	speed: 0.3041s/iter; left time: 253472.6010s
	iters: 1700, epoch: 11 | loss: 0.1519215
	speed: 0.3039s/iter; left time: 253288.8663s
	iters: 1800, epoch: 11 | loss: 0.1590064
	speed: 0.3038s/iter; left time: 253132.9633s
	iters: 1900, epoch: 11 | loss: 0.1435559
	speed: 0.3043s/iter; left time: 253546.3113s
	iters: 2000, epoch: 11 | loss: 0.1561853
	speed: 0.3041s/iter; left time: 253318.7201s
	iters: 2100, epoch: 11 | loss: 0.1474449
	speed: 0.3044s/iter; left time: 253533.8455s
	iters: 2200, epoch: 11 | loss: 0.1439822
	speed: 0.3041s/iter; left time: 253281.5941s
	iters: 2300, epoch: 11 | loss: 0.1444838
	speed: 0.3042s/iter; left time: 253363.3795s
	iters: 2400, epoch: 11 | loss: 0.1364218
	speed: 0.3047s/iter; left time: 253744.5173s
	iters: 2500, epoch: 11 | loss: 0.1619269
	speed: 0.3039s/iter; left time: 253027.0873s
	iters: 2600, epoch: 11 | loss: 0.1567201
	speed: 0.3041s/iter; left time: 253142.9891s
	iters: 2700, epoch: 11 | loss: 0.1547815
	speed: 0.3045s/iter; left time: 253460.1335s
	iters: 2800, epoch: 11 | loss: 0.1498103
	speed: 0.3039s/iter; left time: 252894.9176s
	iters: 2900, epoch: 11 | loss: 0.1582703
	speed: 0.3043s/iter; left time: 253218.5422s
	iters: 3000, epoch: 11 | loss: 0.1385462
	speed: 0.3044s/iter; left time: 253295.8947s
	iters: 3100, epoch: 11 | loss: 0.1530761
	speed: 0.3043s/iter; left time: 253132.4748s
	iters: 3200, epoch: 11 | loss: 0.1547256
	speed: 0.3046s/iter; left time: 253383.5225s
	iters: 3300, epoch: 11 | loss: 0.1422684
	speed: 0.3039s/iter; left time: 252737.9582s
	iters: 3400, epoch: 11 | loss: 0.1437425
	speed: 0.3040s/iter; left time: 252783.3292s
	iters: 3500, epoch: 11 | loss: 0.1553806
	speed: 0.3040s/iter; left time: 252794.6293s
	iters: 3600, epoch: 11 | loss: 0.1486474
	speed: 0.3044s/iter; left time: 253093.3935s
	iters: 3700, epoch: 11 | loss: 0.1551704
	speed: 0.3044s/iter; left time: 253045.4893s
	iters: 3800, epoch: 11 | loss: 0.1545796
	speed: 0.3042s/iter; left time: 252900.9559s
	iters: 3900, epoch: 11 | loss: 0.1533500
	speed: 0.3040s/iter; left time: 252646.8308s
	iters: 4000, epoch: 11 | loss: 0.1448226
	speed: 0.3042s/iter; left time: 252772.1443s
	iters: 4100, epoch: 11 | loss: 0.1439444
	speed: 0.3041s/iter; left time: 252693.3746s
	iters: 4200, epoch: 11 | loss: 0.1517755
	speed: 0.3043s/iter; left time: 252848.4265s
	iters: 4300, epoch: 11 | loss: 0.1445555
	speed: 0.3042s/iter; left time: 252713.0149s
Epoch: 11 cost time: 1336.9602692127228
Epoch: 11, Steps: 4395 | Train Loss: 0.1499983 Vali Loss: 0.5742986 Test Loss: 0.8116152
EarlyStopping counter: 5 out of 5
Early stopping
>>>>>>>testing : long_term_forecast_pems08_h_96_720_Autoformer_custom_ftM_sl96_ll48_pl720_dm128_nh8_el2_dl1_df2048_fc3_ebtimeF_dtTrue_srate1.0_sseed7_trainseed2024_Exp_0<<<<<<<<<<<<<<<<<<<<<<<<<<<<<<<<<
test 39701
test shape: (39701, 1, 720, 212) (39701, 1, 720, 212)
test shape: (39701, 720, 212) (39701, 720, 212)
mse:0.5659601092338562, mae:0.5229061841964722
>>>>>>>Overall time: 22527 seconds<<<<<<<<<<<<<<<<<<<<<<<<<<<<<<<<<
