Args in experiment:
Namespace(activation='gelu', anomaly_ratio=0.25, batch_size=32, c_out=822, checkpoints='./checkpoints/', d_ff=2048, d_layers=1, d_model=128, data='custom', data_path='pems04_h.csv', dec_in=822, des='Exp', devices='0,1,2,3', distil=True, dropout=0, e_layers=2, embed='timeF', enc_in=822, factor=3, features='M', freq='h', gap_day=365, gpu=0, inverse=False, is_training=1, itr=1, label_len=48, learning_rate=0.0005, loss='MSE', lradj='type3', mask_rate=0.25, model='Autoformer', model_id='pems04_h_96_336', moving_avg=25, n_heads=8, num_kernels=6, num_workers=10, output_attention=False, p_hidden_dims=[128, 128], p_hidden_layers=2, patience=5, pred_len=336, root_path='../../data/pems/', samle_rate=1.0, sample_seed=7, seasonal_patterns='Monthly', seq_len=96, target='OT', task_name='long_term_forecast', top_k=5, train_epochs=200, train_seed=2024, use_amp=False, use_gpu=True, use_multi_gpu=False)
Use GPU: cuda:0
>>>>>>>start training : long_term_forecast_pems04_h_96_336_Autoformer_custom_ftM_sl96_ll48_pl336_dm128_nh8_el2_dl1_df2048_fc3_ebtimeF_dtTrue_srate1.0_sseed7_trainseed2024_Exp_0>>>>>>>>>>>>>>>>>>>>>>>>>>
Traceback (most recent call last):
  File "run.py", line 158, in <module>
    exp.train(setting)
  File "/g/data/hn98/du/exlts/hourdayweek/exp/exp_long_term_forecasting.py", line 84, in train
    train_data, train_loader = self._get_data(flag='train')
  File "/g/data/hn98/du/exlts/hourdayweek/exp/exp_long_term_forecasting.py", line 31, in _get_data
    data_set, data_loader = data_provider(self.args, flag)
  File "/g/data/hn98/du/exlts/hourdayweek/data_provider/data_factory.py", line 74, in data_provider
    data_set = Data(
  File "/g/data/hn98/du/exlts/hourdayweek/data_provider/data_loader.py", line 320, in __init__
    self.__read_data__()
  File "/g/data/hn98/du/exlts/hourdayweek/data_provider/data_loader.py", line 324, in __read_data__
    df_raw = pd.read_csv(os.path.join(self.root_path,
  File "/jobfs/116408551.gadi-pbs/timesnet/lib/python3.8/site-packages/pandas/util/_decorators.py", line 211, in wrapper
    return func(*args, **kwargs)
  File "/jobfs/116408551.gadi-pbs/timesnet/lib/python3.8/site-packages/pandas/util/_decorators.py", line 331, in wrapper
    return func(*args, **kwargs)
  File "/jobfs/116408551.gadi-pbs/timesnet/lib/python3.8/site-packages/pandas/io/parsers/readers.py", line 950, in read_csv
    return _read(filepath_or_buffer, kwds)
  File "/jobfs/116408551.gadi-pbs/timesnet/lib/python3.8/site-packages/pandas/io/parsers/readers.py", line 605, in _read
    parser = TextFileReader(filepath_or_buffer, **kwds)
  File "/jobfs/116408551.gadi-pbs/timesnet/lib/python3.8/site-packages/pandas/io/parsers/readers.py", line 1442, in __init__
    self._engine = self._make_engine(f, self.engine)
  File "/jobfs/116408551.gadi-pbs/timesnet/lib/python3.8/site-packages/pandas/io/parsers/readers.py", line 1735, in _make_engine
    self.handles = get_handle(
  File "/jobfs/116408551.gadi-pbs/timesnet/lib/python3.8/site-packages/pandas/io/common.py", line 856, in get_handle
    handle = open(
FileNotFoundError: [Errno 2] No such file or directory: '../../data/pems/pems04_h.csv'
Args in experiment:
Namespace(activation='gelu', anomaly_ratio=0.25, batch_size=32, c_out=822, checkpoints='./checkpoints/', d_ff=2048, d_layers=1, d_model=128, data='custom', data_path='pems04_h.csv', dec_in=822, des='Exp', devices='0,1,2,3', distil=True, dropout=0, e_layers=2, embed='timeF', enc_in=822, factor=3, features='M', freq='h', gap_day=365, gpu=0, inverse=False, is_training=1, itr=1, label_len=48, learning_rate=0.0005, loss='MSE', lradj='type3', mask_rate=0.25, model='Autoformer', model_id='pems04_h_96_336', moving_avg=25, n_heads=8, num_kernels=6, num_workers=10, output_attention=False, p_hidden_dims=[128, 128], p_hidden_layers=2, patience=5, pred_len=336, root_path='../../data/pems/', samle_rate=1.0, sample_seed=7, seasonal_patterns='Monthly', seq_len=96, target='OT', task_name='long_term_forecast', top_k=5, train_epochs=200, train_seed=2024, use_amp=False, use_gpu=True, use_multi_gpu=False)
Use GPU: cuda:0
>>>>>>>start training : long_term_forecast_pems04_h_96_336_Autoformer_custom_ftM_sl96_ll48_pl336_dm128_nh8_el2_dl1_df2048_fc3_ebtimeF_dtTrue_srate1.0_sseed7_trainseed2024_Exp_0>>>>>>>>>>>>>>>>>>>>>>>>>>
train 133364
val 18779
test 37892
	iters: 100, epoch: 1 | loss: 0.3524260
	speed: 0.2083s/iter; left time: 173559.7660s
	iters: 200, epoch: 1 | loss: 0.2799382
	speed: 0.2003s/iter; left time: 166905.9627s
	iters: 300, epoch: 1 | loss: 0.2501305
	speed: 0.2006s/iter; left time: 167153.4811s
	iters: 400, epoch: 1 | loss: 0.2400276
	speed: 0.2013s/iter; left time: 167680.2463s
	iters: 500, epoch: 1 | loss: 0.2201188
	speed: 0.2002s/iter; left time: 166771.4614s
	iters: 600, epoch: 1 | loss: 0.2270243
	speed: 0.2001s/iter; left time: 166667.8765s
	iters: 700, epoch: 1 | loss: 0.2825623
	speed: 0.2007s/iter; left time: 167102.7268s
	iters: 800, epoch: 1 | loss: 0.3254897
	speed: 0.2005s/iter; left time: 166921.8443s
	iters: 900, epoch: 1 | loss: 0.1867032
	speed: 0.2010s/iter; left time: 167332.2338s
	iters: 1000, epoch: 1 | loss: 0.2035613
	speed: 0.2005s/iter; left time: 166905.8607s
	iters: 1100, epoch: 1 | loss: 0.4037616
	speed: 0.2008s/iter; left time: 167095.5405s
	iters: 1200, epoch: 1 | loss: 0.2060758
	speed: 0.2006s/iter; left time: 166952.1729s
	iters: 1300, epoch: 1 | loss: 0.1771454
	speed: 0.2003s/iter; left time: 166687.8179s
	iters: 1400, epoch: 1 | loss: 0.2440641
	speed: 0.2004s/iter; left time: 166746.5781s
	iters: 1500, epoch: 1 | loss: 0.1994842
	speed: 0.2004s/iter; left time: 166728.7619s
	iters: 1600, epoch: 1 | loss: 0.2484857
	speed: 0.2013s/iter; left time: 167470.7920s
	iters: 1700, epoch: 1 | loss: 0.1881550
	speed: 0.2001s/iter; left time: 166426.1144s
	iters: 1800, epoch: 1 | loss: 0.2240231
	speed: 0.2003s/iter; left time: 166608.2117s
	iters: 1900, epoch: 1 | loss: 0.1789481
	speed: 0.2009s/iter; left time: 167015.2331s
	iters: 2000, epoch: 1 | loss: 0.2255032
	speed: 0.2006s/iter; left time: 166752.6073s
	iters: 2100, epoch: 1 | loss: 0.1596352
	speed: 0.2002s/iter; left time: 166399.6558s
	iters: 2200, epoch: 1 | loss: 0.1856213
	speed: 0.2010s/iter; left time: 167108.1654s
	iters: 2300, epoch: 1 | loss: 0.2785015
	speed: 0.2009s/iter; left time: 166978.7516s
	iters: 2400, epoch: 1 | loss: 0.2187741
	speed: 0.2011s/iter; left time: 167144.5422s
	iters: 2500, epoch: 1 | loss: 0.3134484
	speed: 0.2006s/iter; left time: 166662.0223s
	iters: 2600, epoch: 1 | loss: 0.1715446
	speed: 0.2015s/iter; left time: 167393.8223s
	iters: 2700, epoch: 1 | loss: 0.2038932
	speed: 0.2004s/iter; left time: 166471.4938s
	iters: 2800, epoch: 1 | loss: 0.2357884
	speed: 0.2008s/iter; left time: 166798.2156s
	iters: 2900, epoch: 1 | loss: 0.2474727
	speed: 0.2007s/iter; left time: 166660.9832s
	iters: 3000, epoch: 1 | loss: 0.2072123
	speed: 0.2001s/iter; left time: 166202.0368s
	iters: 3100, epoch: 1 | loss: 0.2858898
	speed: 0.2004s/iter; left time: 166364.1723s
	iters: 3200, epoch: 1 | loss: 0.2300823
	speed: 0.2010s/iter; left time: 166865.9724s
	iters: 3300, epoch: 1 | loss: 0.1897514
	speed: 0.2008s/iter; left time: 166680.8365s
	iters: 3400, epoch: 1 | loss: 0.2084357
	speed: 0.2008s/iter; left time: 166643.2656s
	iters: 3500, epoch: 1 | loss: 0.3302863
	speed: 0.2008s/iter; left time: 166618.7758s
	iters: 3600, epoch: 1 | loss: 0.2100992
	speed: 0.2001s/iter; left time: 166010.4395s
	iters: 3700, epoch: 1 | loss: 0.1844957
	speed: 0.2009s/iter; left time: 166724.3372s
	iters: 3800, epoch: 1 | loss: 0.2188091
	speed: 0.2010s/iter; left time: 166777.8491s
	iters: 3900, epoch: 1 | loss: 0.1860691
	speed: 0.2010s/iter; left time: 166728.5215s
	iters: 4000, epoch: 1 | loss: 0.2014310
	speed: 0.2012s/iter; left time: 166882.4725s
	iters: 4100, epoch: 1 | loss: 0.2315535
	speed: 0.2012s/iter; left time: 166869.6021s
Epoch: 1 cost time: 837.254935503006
Epoch: 1, Steps: 4167 | Train Loss: 0.2274806 Vali Loss: 0.2082621 Test Loss: 0.1964674
Validation loss decreased (inf --> 0.208262).  Saving model ...
Traceback (most recent call last):
  File "/jobfs/116444153.gadi-pbs/timesnet/lib/python3.8/site-packages/torch/serialization.py", line 372, in save
    _save(obj, opened_zipfile, pickle_module, pickle_protocol)
  File "/jobfs/116444153.gadi-pbs/timesnet/lib/python3.8/site-packages/torch/serialization.py", line 493, in _save
    zip_file.write_record(name, buf_value, len(buf_value))
OSError: [Errno 122] Disk quota exceeded

During handling of the above exception, another exception occurred:

Traceback (most recent call last):
  File "/jobfs/116444153.gadi-pbs/timesnet/lib/python3.8/site-packages/torch/serialization.py", line 373, in save
    return
  File "/jobfs/116444153.gadi-pbs/timesnet/lib/python3.8/site-packages/torch/serialization.py", line 259, in __exit__
    self.file_like.write_end_of_file()
RuntimeError: [enforce fail at inline_container.cc:274] . unexpected pos 10447808 vs 10447696

During handling of the above exception, another exception occurred:

Traceback (most recent call last):
  File "run.py", line 158, in <module>
    exp.train(setting)
  File "/g/data/hn98/du/exlts/hourdayweek/exp/exp_long_term_forecasting.py", line 214, in train
    early_stopping(vali_loss, self.model, path)
  File "/g/data/hn98/du/exlts/hourdayweek/utils/tools.py", line 43, in __call__
    self.save_checkpoint(val_loss, model, path)
  File "/g/data/hn98/du/exlts/hourdayweek/utils/tools.py", line 57, in save_checkpoint
    torch.save(model.state_dict(), path + '/' + 'checkpoint.pth')
  File "/jobfs/116444153.gadi-pbs/timesnet/lib/python3.8/site-packages/torch/serialization.py", line 374, in save
    _legacy_save(obj, opened_file, pickle_module, pickle_protocol)
  File "/jobfs/116444153.gadi-pbs/timesnet/lib/python3.8/site-packages/torch/serialization.py", line 214, in __exit__
    self.file_like.close()
OSError: [Errno 122] Disk quota exceeded
terminate called after throwing an instance of 'c10::Error'
  what():  [enforce fail at inline_container.cc:274] . unexpected pos 10447808 vs 10447696
frame #0: c10::ThrowEnforceNotMet(char const*, int, char const*, std::string const&, void const*) + 0x47 (0x14c3c70dd6a7 in /jobfs/116444153.gadi-pbs/timesnet/lib/python3.8/site-packages/torch/lib/libc10.so)
frame #1: <unknown function> + 0x1c99500 (0x14c406444500 in /jobfs/116444153.gadi-pbs/timesnet/lib/python3.8/site-packages/torch/lib/libtorch_cpu.so)
frame #2: <unknown function> + 0x1c956d3 (0x14c4064406d3 in /jobfs/116444153.gadi-pbs/timesnet/lib/python3.8/site-packages/torch/lib/libtorch_cpu.so)
frame #3: caffe2::serialize::PyTorchStreamWriter::writeRecord(std::string const&, void const*, unsigned long, bool) + 0xa9 (0x14c406445609 in /jobfs/116444153.gadi-pbs/timesnet/lib/python3.8/site-packages/torch/lib/libtorch_cpu.so)
frame #4: caffe2::serialize::PyTorchStreamWriter::writeEndOfFile() + 0xe1 (0x14c406446141 in /jobfs/116444153.gadi-pbs/timesnet/lib/python3.8/site-packages/torch/lib/libtorch_cpu.so)
frame #5: caffe2::serialize::PyTorchStreamWriter::~PyTorchStreamWriter() + 0x115 (0x14c406446935 in /jobfs/116444153.gadi-pbs/timesnet/lib/python3.8/site-packages/torch/lib/libtorch_cpu.so)
frame #6: <unknown function> + 0x654323 (0x14c415b17323 in /jobfs/116444153.gadi-pbs/timesnet/lib/python3.8/site-packages/torch/lib/libtorch_python.so)
frame #7: <unknown function> + 0x2c2b90 (0x14c415785b90 in /jobfs/116444153.gadi-pbs/timesnet/lib/python3.8/site-packages/torch/lib/libtorch_python.so)
frame #8: <unknown function> + 0x2c3cfe (0x14c415786cfe in /jobfs/116444153.gadi-pbs/timesnet/lib/python3.8/site-packages/torch/lib/libtorch_python.so)
frame #9: python() [0x4e0800]
frame #10: python() [0x4f16a8]
frame #11: python() [0x4f1691]
frame #12: python() [0x4f1691]
frame #13: python() [0x4f1691]
frame #14: python() [0x4f1691]
frame #15: python() [0x4c9280]
<omitting python frames>
frame #21: __libc_start_main + 0xe5 (0x14c4248d6d85 in /lib64/libc.so.6)
frame #22: python() [0x57a64d]

Args in experiment:
Namespace(activation='gelu', anomaly_ratio=0.25, batch_size=32, c_out=822, checkpoints='./checkpoints/', d_ff=2048, d_layers=1, d_model=128, data='custom', data_path='pems04_h.csv', dec_in=822, des='Exp', devices='0,1,2,3', distil=True, dropout=0, e_layers=2, embed='timeF', enc_in=822, factor=3, features='M', freq='h', gap_day=365, gpu=0, inverse=False, is_training=1, itr=1, label_len=48, learning_rate=0.0005, loss='MSE', lradj='type3', mask_rate=0.25, model='Autoformer', model_id='pems04_h_96_336', moving_avg=25, n_heads=8, num_kernels=6, num_workers=10, output_attention=False, p_hidden_dims=[128, 128], p_hidden_layers=2, patience=5, pred_len=336, root_path='../../data/pems/', samle_rate=1.0, sample_seed=7, seasonal_patterns='Monthly', seq_len=96, target='OT', task_name='long_term_forecast', top_k=5, train_epochs=200, train_seed=2024, use_amp=False, use_gpu=True, use_multi_gpu=False)
Use GPU: cuda:0
>>>>>>>start training : long_term_forecast_pems04_h_96_336_Autoformer_custom_ftM_sl96_ll48_pl336_dm128_nh8_el2_dl1_df2048_fc3_ebtimeF_dtTrue_srate1.0_sseed7_trainseed2024_Exp_0>>>>>>>>>>>>>>>>>>>>>>>>>>
train 133364
val 18779
test 37892
	iters: 100, epoch: 1 | loss: 0.3487823
	speed: 0.2102s/iter; left time: 175149.1913s
	iters: 200, epoch: 1 | loss: 0.2823110
	speed: 0.2015s/iter; left time: 167857.6044s
	iters: 300, epoch: 1 | loss: 0.2527054
	speed: 0.2017s/iter; left time: 168037.8151s
	iters: 400, epoch: 1 | loss: 0.2409022
	speed: 0.2049s/iter; left time: 170692.8698s
	iters: 500, epoch: 1 | loss: 0.2219182
	speed: 0.2044s/iter; left time: 170266.6219s
	iters: 600, epoch: 1 | loss: 0.2126471
	speed: 0.2046s/iter; left time: 170360.7675s
	iters: 700, epoch: 1 | loss: 0.2777969
	speed: 0.2048s/iter; left time: 170532.1501s
	iters: 800, epoch: 1 | loss: 0.3305570
	speed: 0.2045s/iter; left time: 170234.5601s
	iters: 900, epoch: 1 | loss: 0.1758214
	speed: 0.2042s/iter; left time: 169997.1554s
	iters: 1000, epoch: 1 | loss: 0.1879202
	speed: 0.2060s/iter; left time: 171512.7809s
	iters: 1100, epoch: 1 | loss: 0.2085448
	speed: 0.2056s/iter; left time: 171096.4969s
	iters: 1200, epoch: 1 | loss: 0.1946254
	speed: 0.2056s/iter; left time: 171083.5728s
	iters: 1300, epoch: 1 | loss: 0.1672722
	speed: 0.2058s/iter; left time: 171243.9747s
	iters: 1400, epoch: 1 | loss: 0.2636932
	speed: 0.2085s/iter; left time: 173440.1659s
	iters: 1500, epoch: 1 | loss: 0.2012483
	speed: 0.2090s/iter; left time: 173872.0779s
	iters: 1600, epoch: 1 | loss: 0.2451133
	speed: 0.2089s/iter; left time: 173759.1048s
	iters: 1700, epoch: 1 | loss: 0.2032686
	speed: 0.2091s/iter; left time: 173905.2870s
	iters: 1800, epoch: 1 | loss: 0.2285212
	speed: 0.2084s/iter; left time: 173340.7056s
	iters: 1900, epoch: 1 | loss: 0.1853931
	speed: 0.2087s/iter; left time: 173573.8473s
	iters: 2000, epoch: 1 | loss: 0.2358798
	speed: 0.2089s/iter; left time: 173670.5992s
	iters: 2100, epoch: 1 | loss: 0.1878496
	speed: 0.2088s/iter; left time: 173566.7150s
	iters: 2200, epoch: 1 | loss: 0.1987848
	speed: 0.2084s/iter; left time: 173250.6840s
	iters: 2300, epoch: 1 | loss: 0.2766065
	speed: 0.2091s/iter; left time: 173754.8368s
	iters: 2400, epoch: 1 | loss: 0.2298611
	speed: 0.2092s/iter; left time: 173858.8150s
	iters: 2500, epoch: 1 | loss: 0.3734700
	speed: 0.2094s/iter; left time: 174011.6667s
	iters: 2600, epoch: 1 | loss: 0.1935501
	speed: 0.2087s/iter; left time: 173391.0597s
	iters: 2700, epoch: 1 | loss: 0.2284009
	speed: 0.2087s/iter; left time: 173385.6990s
	iters: 2800, epoch: 1 | loss: 0.2166727
	speed: 0.2089s/iter; left time: 173503.4760s
	iters: 2900, epoch: 1 | loss: 0.2257133
	speed: 0.2091s/iter; left time: 173634.6346s
	iters: 3000, epoch: 1 | loss: 0.1877274
	speed: 0.2095s/iter; left time: 173936.4615s
	iters: 3100, epoch: 1 | loss: 0.2480637
	speed: 0.2081s/iter; left time: 172810.9586s
	iters: 3200, epoch: 1 | loss: 0.2244893
	speed: 0.2083s/iter; left time: 172926.8575s
	iters: 3300, epoch: 1 | loss: 0.1782815
	speed: 0.2080s/iter; left time: 172662.1931s
	iters: 3400, epoch: 1 | loss: 0.1984052
	speed: 0.2057s/iter; left time: 170719.9414s
	iters: 3500, epoch: 1 | loss: 0.3164079
	speed: 0.2063s/iter; left time: 171178.5633s
	iters: 3600, epoch: 1 | loss: 0.1997212
	speed: 0.2069s/iter; left time: 171709.4218s
	iters: 3700, epoch: 1 | loss: 0.1883948
	speed: 0.2070s/iter; left time: 171779.2654s
	iters: 3800, epoch: 1 | loss: 0.2166967
	speed: 0.2074s/iter; left time: 172078.8902s
	iters: 3900, epoch: 1 | loss: 0.1820272
	speed: 0.2078s/iter; left time: 172380.0477s
	iters: 4000, epoch: 1 | loss: 0.2428195
	speed: 0.2077s/iter; left time: 172243.9576s
	iters: 4100, epoch: 1 | loss: 0.2315306
	speed: 0.2076s/iter; left time: 172166.0352s
Epoch: 1 cost time: 863.5371780395508
Epoch: 1, Steps: 4167 | Train Loss: 0.2279470 Vali Loss: 0.2031477 Test Loss: 0.1938372
Validation loss decreased (inf --> 0.203148).  Saving model ...
	iters: 100, epoch: 2 | loss: 0.2897420
	speed: 6.6102s/iter; left time: 5480733.6989s
	iters: 200, epoch: 2 | loss: 0.1794986
	speed: 0.2068s/iter; left time: 171479.9840s
	iters: 300, epoch: 2 | loss: 0.2637239
	speed: 0.2067s/iter; left time: 171327.8083s
	iters: 400, epoch: 2 | loss: 0.2403806
	speed: 0.2079s/iter; left time: 172344.0479s
	iters: 500, epoch: 2 | loss: 0.1965819
	speed: 0.2084s/iter; left time: 172726.3349s
	iters: 600, epoch: 2 | loss: 0.1625863
	speed: 0.2087s/iter; left time: 172920.9495s
	iters: 700, epoch: 2 | loss: 0.2132365
	speed: 0.2084s/iter; left time: 172632.6289s
	iters: 800, epoch: 2 | loss: 0.1588261
	speed: 0.2080s/iter; left time: 172331.2223s
	iters: 900, epoch: 2 | loss: 0.2884133
	speed: 0.2079s/iter; left time: 172249.1805s
	iters: 1000, epoch: 2 | loss: 0.2336116
	speed: 0.2085s/iter; left time: 172723.7322s
	iters: 1100, epoch: 2 | loss: 0.1922077
	speed: 0.2082s/iter; left time: 172380.3080s
	iters: 1200, epoch: 2 | loss: 0.2068564
	speed: 0.2087s/iter; left time: 172788.4991s
	iters: 1300, epoch: 2 | loss: 0.2383260
	speed: 0.2079s/iter; left time: 172101.8841s
	iters: 1400, epoch: 2 | loss: 0.6308802
	speed: 0.2092s/iter; left time: 173197.0999s
	iters: 1500, epoch: 2 | loss: 0.2544515
	speed: 0.2083s/iter; left time: 172417.0093s
	iters: 1600, epoch: 2 | loss: 0.2506436
	speed: 0.2090s/iter; left time: 172958.7757s
	iters: 1700, epoch: 2 | loss: 0.2372255
	speed: 0.2080s/iter; left time: 172095.7562s
	iters: 1800, epoch: 2 | loss: 0.2385767
	speed: 0.2083s/iter; left time: 172323.2235s
	iters: 1900, epoch: 2 | loss: 0.2049207
	speed: 0.2088s/iter; left time: 172782.0841s
	iters: 2000, epoch: 2 | loss: 0.2602324
	speed: 0.2084s/iter; left time: 172385.0152s
	iters: 2100, epoch: 2 | loss: 0.2098753
	speed: 0.2082s/iter; left time: 172228.2555s
	iters: 2200, epoch: 2 | loss: 0.2418502
	speed: 0.2084s/iter; left time: 172337.9330s
	iters: 2300, epoch: 2 | loss: 0.2070360
	speed: 0.2083s/iter; left time: 172226.2551s
	iters: 2400, epoch: 2 | loss: 0.2193455
	speed: 0.2089s/iter; left time: 172690.1396s
	iters: 2500, epoch: 2 | loss: 0.2452290
	speed: 0.2086s/iter; left time: 172466.6990s
	iters: 2600, epoch: 2 | loss: 0.1904879
	speed: 0.2088s/iter; left time: 172633.0803s
	iters: 2700, epoch: 2 | loss: 0.2642145
	speed: 0.2088s/iter; left time: 172559.7703s
	iters: 2800, epoch: 2 | loss: 0.2327709
	speed: 0.2084s/iter; left time: 172208.7333s
	iters: 2900, epoch: 2 | loss: 0.2568012
	speed: 0.2086s/iter; left time: 172394.1116s
	iters: 3000, epoch: 2 | loss: 0.1651352
	speed: 0.2080s/iter; left time: 171897.0860s
	iters: 3100, epoch: 2 | loss: 0.2447382
	speed: 0.2089s/iter; left time: 172590.8490s
	iters: 3200, epoch: 2 | loss: 0.2212290
	speed: 0.2093s/iter; left time: 172862.3670s
	iters: 3300, epoch: 2 | loss: 0.1908167
	speed: 0.2089s/iter; left time: 172576.4437s
	iters: 3400, epoch: 2 | loss: 0.2965176
	speed: 0.2079s/iter; left time: 171718.8059s
	iters: 3500, epoch: 2 | loss: 0.2280660
	speed: 0.2085s/iter; left time: 172176.6141s
	iters: 3600, epoch: 2 | loss: 0.2274578
	speed: 0.2079s/iter; left time: 171665.0521s
	iters: 3700, epoch: 2 | loss: 0.2052721
	speed: 0.2083s/iter; left time: 171935.3097s
	iters: 3800, epoch: 2 | loss: 0.2443173
	speed: 0.2089s/iter; left time: 172409.2249s
	iters: 3900, epoch: 2 | loss: 0.2117428
	speed: 0.2085s/iter; left time: 172109.0452s
	iters: 4000, epoch: 2 | loss: 0.2190287
	speed: 0.2087s/iter; left time: 172243.0981s
	iters: 4100, epoch: 2 | loss: 0.3344883
	speed: 0.2086s/iter; left time: 172136.8621s
Epoch: 2 cost time: 868.6984536647797
Epoch: 2, Steps: 4167 | Train Loss: 0.2315787 Vali Loss: 0.2161400 Test Loss: 0.2036584
EarlyStopping counter: 1 out of 5
	iters: 100, epoch: 3 | loss: 0.2164558
	speed: 6.5844s/iter; left time: 5431939.7598s
	iters: 200, epoch: 3 | loss: 0.1694589
	speed: 0.2123s/iter; left time: 175097.9558s
	iters: 300, epoch: 3 | loss: 0.2183052
	speed: 0.2099s/iter; left time: 173146.0463s
	iters: 400, epoch: 3 | loss: 0.2804407
	speed: 0.2106s/iter; left time: 173687.0815s
	iters: 500, epoch: 3 | loss: 0.1758481
	speed: 0.2094s/iter; left time: 172656.1088s
	iters: 600, epoch: 3 | loss: 0.1857675
	speed: 0.2098s/iter; left time: 172958.9550s
	iters: 700, epoch: 3 | loss: 0.1862287
	speed: 0.2095s/iter; left time: 172732.6291s
	iters: 800, epoch: 3 | loss: 0.2157716
	speed: 0.2095s/iter; left time: 172693.3974s
	iters: 900, epoch: 3 | loss: 0.2437540
	speed: 0.2087s/iter; left time: 171989.4669s
	iters: 1000, epoch: 3 | loss: 0.2039986
	speed: 0.2095s/iter; left time: 172655.1888s
	iters: 1100, epoch: 3 | loss: 0.1985735
	speed: 0.2085s/iter; left time: 171823.6433s
	iters: 1200, epoch: 3 | loss: 0.2427336
	speed: 0.2084s/iter; left time: 171697.6810s
	iters: 1300, epoch: 3 | loss: 0.2399699
	speed: 0.2109s/iter; left time: 173759.2173s
	iters: 1400, epoch: 3 | loss: 0.1805897
	speed: 0.2093s/iter; left time: 172414.6182s
	iters: 1500, epoch: 3 | loss: 0.2199395
	speed: 0.2084s/iter; left time: 171630.4078s
	iters: 1600, epoch: 3 | loss: 0.2078242
	speed: 0.2090s/iter; left time: 172104.3976s
	iters: 1700, epoch: 3 | loss: 0.2078117
	speed: 0.2084s/iter; left time: 171614.7602s
	iters: 1800, epoch: 3 | loss: 0.2101772
	speed: 0.2087s/iter; left time: 171848.8641s
	iters: 1900, epoch: 3 | loss: 0.2401613
	speed: 0.2085s/iter; left time: 171659.5573s
	iters: 2000, epoch: 3 | loss: 0.2461865
	speed: 0.2088s/iter; left time: 171885.4627s
	iters: 2100, epoch: 3 | loss: 0.2476418
	speed: 0.2092s/iter; left time: 172146.1139s
	iters: 2200, epoch: 3 | loss: 0.2674102
	speed: 0.2079s/iter; left time: 171085.3395s
	iters: 2300, epoch: 3 | loss: 0.2415985
	speed: 0.2080s/iter; left time: 171167.9064s
	iters: 2400, epoch: 3 | loss: 0.1795996
	speed: 0.2083s/iter; left time: 171330.0120s
	iters: 2500, epoch: 3 | loss: 0.2064436
	speed: 0.2079s/iter; left time: 170999.3257s
	iters: 2600, epoch: 3 | loss: 0.1814235
	speed: 0.2084s/iter; left time: 171411.8227s
	iters: 2700, epoch: 3 | loss: 0.2078999
	speed: 0.2075s/iter; left time: 170661.5455s
	iters: 2800, epoch: 3 | loss: 0.2568628
	speed: 0.2105s/iter; left time: 173068.6789s
	iters: 2900, epoch: 3 | loss: 0.2409148
	speed: 0.2070s/iter; left time: 170164.1434s
	iters: 3000, epoch: 3 | loss: 0.1908633
	speed: 0.2069s/iter; left time: 170067.4685s
	iters: 3100, epoch: 3 | loss: 0.2082881
	speed: 0.2049s/iter; left time: 168454.8985s
	iters: 3200, epoch: 3 | loss: 0.1806851
	speed: 0.2055s/iter; left time: 168901.5060s
	iters: 3300, epoch: 3 | loss: 0.2118416
	speed: 0.2049s/iter; left time: 168350.2602s
	iters: 3400, epoch: 3 | loss: 0.1734409
	speed: 0.2054s/iter; left time: 168808.3964s
	iters: 3500, epoch: 3 | loss: 0.1732364
	speed: 0.2062s/iter; left time: 169380.4537s
	iters: 3600, epoch: 3 | loss: 0.1824387
	speed: 0.2047s/iter; left time: 168145.4602s
	iters: 3700, epoch: 3 | loss: 0.1813836
	speed: 0.2045s/iter; left time: 167968.0479s
	iters: 3800, epoch: 3 | loss: 0.1738104
	speed: 0.2051s/iter; left time: 168473.3941s
	iters: 3900, epoch: 3 | loss: 0.2037450
	speed: 0.2054s/iter; left time: 168688.3878s
	iters: 4000, epoch: 3 | loss: 0.2035830
	speed: 0.2049s/iter; left time: 168276.2419s
	iters: 4100, epoch: 3 | loss: 0.1738162
	speed: 0.2056s/iter; left time: 168758.9786s
Epoch: 3 cost time: 867.157856464386
Epoch: 3, Steps: 4167 | Train Loss: 0.2173011 Vali Loss: 0.1896130 Test Loss: 0.1924605
Validation loss decreased (0.203148 --> 0.189613).  Saving model ...
	iters: 100, epoch: 4 | loss: 0.1702980
	speed: 6.6186s/iter; left time: 5432536.3567s
	iters: 200, epoch: 4 | loss: 0.1774058
	speed: 0.2065s/iter; left time: 169453.7569s
	iters: 300, epoch: 4 | loss: 0.1570086
	speed: 0.2064s/iter; left time: 169335.0515s
	iters: 400, epoch: 4 | loss: 0.2146857
	speed: 0.2069s/iter; left time: 169746.8981s
	iters: 500, epoch: 4 | loss: 0.3412648
	speed: 0.2063s/iter; left time: 169265.1136s
	iters: 600, epoch: 4 | loss: 0.2400565
	speed: 0.2069s/iter; left time: 169759.1854s
	iters: 700, epoch: 4 | loss: 0.1920210
	speed: 0.2074s/iter; left time: 170098.0032s
	iters: 800, epoch: 4 | loss: 0.2071988
	speed: 0.2071s/iter; left time: 169826.6126s
	iters: 900, epoch: 4 | loss: 0.1770035
	speed: 0.2063s/iter; left time: 169145.5317s
	iters: 1000, epoch: 4 | loss: 0.2093879
	speed: 0.2064s/iter; left time: 169264.9691s
	iters: 1100, epoch: 4 | loss: 0.1974526
	speed: 0.2064s/iter; left time: 169176.8201s
	iters: 1200, epoch: 4 | loss: 0.2227484
	speed: 0.2064s/iter; left time: 169207.5803s
	iters: 1300, epoch: 4 | loss: 0.2001767
	speed: 0.2071s/iter; left time: 169745.1398s
	iters: 1400, epoch: 4 | loss: 0.1755707
	speed: 0.2067s/iter; left time: 169394.4938s
	iters: 1500, epoch: 4 | loss: 0.1854110
	speed: 0.2071s/iter; left time: 169723.7291s
	iters: 1600, epoch: 4 | loss: 0.2578831
	speed: 0.2066s/iter; left time: 169242.6179s
	iters: 1700, epoch: 4 | loss: 0.2546182
	speed: 0.2066s/iter; left time: 169225.7520s
	iters: 1800, epoch: 4 | loss: 0.1896358
	speed: 0.2067s/iter; left time: 169332.8289s
	iters: 1900, epoch: 4 | loss: 0.1844210
	speed: 0.2063s/iter; left time: 168924.0163s
	iters: 2000, epoch: 4 | loss: 0.2090703
	speed: 0.2065s/iter; left time: 169123.7767s
	iters: 2100, epoch: 4 | loss: 0.2127238
	speed: 0.2069s/iter; left time: 169382.0914s
	iters: 2200, epoch: 4 | loss: 0.1905662
	speed: 0.2064s/iter; left time: 169014.0524s
	iters: 2300, epoch: 4 | loss: 0.2161166
	speed: 0.2065s/iter; left time: 169053.8795s
	iters: 2400, epoch: 4 | loss: 0.1590556
	speed: 0.2067s/iter; left time: 169215.2891s
	iters: 2500, epoch: 4 | loss: 0.2334273
	speed: 0.2067s/iter; left time: 169155.0660s
	iters: 2600, epoch: 4 | loss: 0.1968738
	speed: 0.2067s/iter; left time: 169127.2193s
	iters: 2700, epoch: 4 | loss: 0.1880251
	speed: 0.2070s/iter; left time: 169376.8459s
	iters: 2800, epoch: 4 | loss: 0.2007120
	speed: 0.2069s/iter; left time: 169234.0179s
	iters: 2900, epoch: 4 | loss: 0.1734561
	speed: 0.2064s/iter; left time: 168827.4876s
	iters: 3000, epoch: 4 | loss: 0.2062581
	speed: 0.2060s/iter; left time: 168517.6246s
	iters: 3100, epoch: 4 | loss: 0.1654515
	speed: 0.2071s/iter; left time: 169394.6776s
	iters: 3200, epoch: 4 | loss: 0.1502269
	speed: 0.2067s/iter; left time: 169000.5222s
	iters: 3300, epoch: 4 | loss: 0.2309354
	speed: 0.2063s/iter; left time: 168683.8516s
	iters: 3400, epoch: 4 | loss: 0.2566774
	speed: 0.2067s/iter; left time: 168999.2907s
	iters: 3500, epoch: 4 | loss: 0.2739964
	speed: 0.2072s/iter; left time: 169400.1176s
	iters: 3600, epoch: 4 | loss: 0.2112352
	speed: 0.2064s/iter; left time: 168708.2017s
	iters: 3700, epoch: 4 | loss: 0.1882844
	speed: 0.2065s/iter; left time: 168744.6328s
	iters: 3800, epoch: 4 | loss: 0.1991128
	speed: 0.2063s/iter; left time: 168556.9988s
	iters: 3900, epoch: 4 | loss: 0.2030160
	speed: 0.2062s/iter; left time: 168448.9317s
	iters: 4000, epoch: 4 | loss: 0.1749350
	speed: 0.2060s/iter; left time: 168277.4105s
	iters: 4100, epoch: 4 | loss: 0.2080925
	speed: 0.2067s/iter; left time: 168865.2264s
Epoch: 4 cost time: 861.9615612030029
Epoch: 4, Steps: 4167 | Train Loss: 0.2050485 Vali Loss: 0.1847610 Test Loss: 0.1972896
Validation loss decreased (0.189613 --> 0.184761).  Saving model ...
	iters: 100, epoch: 5 | loss: 0.1543407
	speed: 6.6068s/iter; left time: 5395340.4842s
	iters: 200, epoch: 5 | loss: 0.1719406
	speed: 0.2043s/iter; left time: 166799.1261s
	iters: 300, epoch: 5 | loss: 0.1337437
	speed: 0.2022s/iter; left time: 165078.1357s
	iters: 400, epoch: 5 | loss: 0.2071188
	speed: 0.2029s/iter; left time: 165625.4309s
	iters: 500, epoch: 5 | loss: 0.2096520
	speed: 0.2033s/iter; left time: 165949.8693s
	iters: 600, epoch: 5 | loss: 0.1925609
	speed: 0.2032s/iter; left time: 165821.3121s
	iters: 700, epoch: 5 | loss: 0.1839312
	speed: 0.2033s/iter; left time: 165871.8247s
	iters: 800, epoch: 5 | loss: 0.1707529
	speed: 0.2034s/iter; left time: 165941.5749s
	iters: 900, epoch: 5 | loss: 0.1872012
	speed: 0.2024s/iter; left time: 165163.2853s
	iters: 1000, epoch: 5 | loss: 0.2240373
	speed: 0.2032s/iter; left time: 165725.6562s
	iters: 1100, epoch: 5 | loss: 0.2665810
	speed: 0.2035s/iter; left time: 165949.9927s
	iters: 1200, epoch: 5 | loss: 0.1612777
	speed: 0.2029s/iter; left time: 165455.7403s
	iters: 1300, epoch: 5 | loss: 0.1498983
	speed: 0.2028s/iter; left time: 165375.9868s
	iters: 1400, epoch: 5 | loss: 0.1532321
	speed: 0.2027s/iter; left time: 165302.6393s
	iters: 1500, epoch: 5 | loss: 0.2063863
	speed: 0.2036s/iter; left time: 165950.5064s
	iters: 1600, epoch: 5 | loss: 0.1831339
	speed: 0.2036s/iter; left time: 165938.3884s
	iters: 1700, epoch: 5 | loss: 0.1611098
	speed: 0.2030s/iter; left time: 165474.6652s
	iters: 1800, epoch: 5 | loss: 0.1243446
	speed: 0.2031s/iter; left time: 165539.9144s
	iters: 1900, epoch: 5 | loss: 0.1888645
	speed: 0.2031s/iter; left time: 165457.2225s
	iters: 2000, epoch: 5 | loss: 0.1639615
	speed: 0.2031s/iter; left time: 165453.3716s
	iters: 2100, epoch: 5 | loss: 0.2464883
	speed: 0.2036s/iter; left time: 165821.9618s
	iters: 2200, epoch: 5 | loss: 0.2239711
	speed: 0.2030s/iter; left time: 165378.6819s
	iters: 2300, epoch: 5 | loss: 0.2087204
	speed: 0.2028s/iter; left time: 165195.8085s
	iters: 2400, epoch: 5 | loss: 0.2876083
	speed: 0.2029s/iter; left time: 165206.5796s
	iters: 2500, epoch: 5 | loss: 0.2306459
	speed: 0.2029s/iter; left time: 165230.8136s
	iters: 2600, epoch: 5 | loss: 0.2054296
	speed: 0.2032s/iter; left time: 165405.9024s
	iters: 2700, epoch: 5 | loss: 0.1834645
	speed: 0.2026s/iter; left time: 164896.9023s
	iters: 2800, epoch: 5 | loss: 0.1754356
	speed: 0.2038s/iter; left time: 165910.1743s
	iters: 2900, epoch: 5 | loss: 0.1956718
	speed: 0.2033s/iter; left time: 165491.7282s
	iters: 3000, epoch: 5 | loss: 0.1898217
	speed: 0.2031s/iter; left time: 165308.5557s
	iters: 3100, epoch: 5 | loss: 0.2157126
	speed: 0.2029s/iter; left time: 165118.8626s
	iters: 3200, epoch: 5 | loss: 0.2019765
	speed: 0.2026s/iter; left time: 164835.5298s
	iters: 3300, epoch: 5 | loss: 0.1658756
	speed: 0.2029s/iter; left time: 165075.4295s
	iters: 3400, epoch: 5 | loss: 0.1920826
	speed: 0.2032s/iter; left time: 165303.3609s
	iters: 3500, epoch: 5 | loss: 0.2426634
	speed: 0.2033s/iter; left time: 165365.0734s
	iters: 3600, epoch: 5 | loss: 0.1847598
	speed: 0.2035s/iter; left time: 165507.9705s
	iters: 3700, epoch: 5 | loss: 0.2814651
	speed: 0.2025s/iter; left time: 164646.7462s
	iters: 3800, epoch: 5 | loss: 0.1861408
	speed: 0.2032s/iter; left time: 165209.0802s
	iters: 3900, epoch: 5 | loss: 0.2241131
	speed: 0.2035s/iter; left time: 165408.8345s
	iters: 4000, epoch: 5 | loss: 0.1682273
	speed: 0.2028s/iter; left time: 164817.2432s
	iters: 4100, epoch: 5 | loss: 0.2118645
	speed: 0.2026s/iter; left time: 164670.1120s
Epoch: 5 cost time: 846.9725630283356
Epoch: 5, Steps: 4167 | Train Loss: 0.1994645 Vali Loss: 0.1961239 Test Loss: 0.1913674
EarlyStopping counter: 1 out of 5
	iters: 100, epoch: 6 | loss: 0.1930133
	speed: 6.6134s/iter; left time: 5373124.8592s
	iters: 200, epoch: 6 | loss: 0.2129944
	speed: 0.2042s/iter; left time: 165846.1145s
	iters: 300, epoch: 6 | loss: 0.2476672
	speed: 0.2023s/iter; left time: 164315.5615s
	iters: 400, epoch: 6 | loss: 0.1663866
	speed: 0.2025s/iter; left time: 164479.8029s
	iters: 500, epoch: 6 | loss: 0.2275622
	speed: 0.2022s/iter; left time: 164196.8219s
	iters: 600, epoch: 6 | loss: 0.2475722
	speed: 0.2029s/iter; left time: 164720.4929s
	iters: 700, epoch: 6 | loss: 0.2169971
	speed: 0.2023s/iter; left time: 164203.9548s
	iters: 800, epoch: 6 | loss: 0.2165227
	speed: 0.2025s/iter; left time: 164390.0160s
	iters: 900, epoch: 6 | loss: 0.1782502
	speed: 0.2027s/iter; left time: 164492.8143s
	iters: 1000, epoch: 6 | loss: 0.1822537
	speed: 0.2025s/iter; left time: 164349.6883s
	iters: 1100, epoch: 6 | loss: 0.1674005
	speed: 0.2030s/iter; left time: 164692.8545s
	iters: 1200, epoch: 6 | loss: 0.2061950
	speed: 0.2024s/iter; left time: 164191.8873s
	iters: 1300, epoch: 6 | loss: 0.1945546
	speed: 0.2032s/iter; left time: 164838.1657s
	iters: 1400, epoch: 6 | loss: 0.1933573
	speed: 0.2040s/iter; left time: 165476.3756s
	iters: 1500, epoch: 6 | loss: 0.1799578
	speed: 0.2045s/iter; left time: 165875.2940s
	iters: 1600, epoch: 6 | loss: 0.1365459
	speed: 0.2049s/iter; left time: 166158.9095s
	iters: 1700, epoch: 6 | loss: 0.2107539
	speed: 0.2041s/iter; left time: 165481.4153s
	iters: 1800, epoch: 6 | loss: 0.1883958
	speed: 0.2046s/iter; left time: 165884.8154s
	iters: 1900, epoch: 6 | loss: 0.1874300
	speed: 0.2039s/iter; left time: 165318.2854s
	iters: 2000, epoch: 6 | loss: 0.2213084
	speed: 0.2041s/iter; left time: 165465.1577s
	iters: 2100, epoch: 6 | loss: 0.2270761
	speed: 0.2049s/iter; left time: 166079.8279s
	iters: 2200, epoch: 6 | loss: 0.2014199
	speed: 0.2045s/iter; left time: 165747.6208s
	iters: 2300, epoch: 6 | loss: 0.1619856
	speed: 0.2035s/iter; left time: 164873.6389s
	iters: 2400, epoch: 6 | loss: 0.2150100
	speed: 0.2039s/iter; left time: 165209.6685s
	iters: 2500, epoch: 6 | loss: 0.1926345
	speed: 0.2041s/iter; left time: 165347.6933s
	iters: 2600, epoch: 6 | loss: 0.1584922
	speed: 0.2040s/iter; left time: 165266.3088s
	iters: 2700, epoch: 6 | loss: 0.1730074
	speed: 0.2038s/iter; left time: 165082.1823s
	iters: 2800, epoch: 6 | loss: 0.2057021
	speed: 0.2039s/iter; left time: 165075.1410s
	iters: 2900, epoch: 6 | loss: 0.1345578
	speed: 0.2031s/iter; left time: 164475.8978s
	iters: 3000, epoch: 6 | loss: 0.1238637
	speed: 0.2038s/iter; left time: 165009.8666s
	iters: 3100, epoch: 6 | loss: 0.1576997
	speed: 0.2037s/iter; left time: 164892.0329s
	iters: 3200, epoch: 6 | loss: 0.1782889
	speed: 0.2037s/iter; left time: 164889.2206s
	iters: 3300, epoch: 6 | loss: 0.1353170
	speed: 0.2037s/iter; left time: 164857.0437s
	iters: 3400, epoch: 6 | loss: 0.1767661
	speed: 0.2038s/iter; left time: 164872.6810s
	iters: 3500, epoch: 6 | loss: 0.1571412
	speed: 0.2042s/iter; left time: 165209.5745s
	iters: 3600, epoch: 6 | loss: 0.1788164
	speed: 0.2031s/iter; left time: 164329.7283s
	iters: 3700, epoch: 6 | loss: 0.1499543
	speed: 0.2024s/iter; left time: 163674.5684s
	iters: 3800, epoch: 6 | loss: 0.1429412
	speed: 0.2028s/iter; left time: 163980.2016s
	iters: 3900, epoch: 6 | loss: 0.1436870
	speed: 0.2032s/iter; left time: 164299.7013s
	iters: 4000, epoch: 6 | loss: 0.1438040
	speed: 0.2032s/iter; left time: 164314.0299s
	iters: 4100, epoch: 6 | loss: 0.2213804
	speed: 0.2028s/iter; left time: 163990.3492s
Epoch: 6 cost time: 848.7411181926727
Epoch: 6, Steps: 4167 | Train Loss: 0.1964442 Vali Loss: 0.2122919 Test Loss: 0.2005074
EarlyStopping counter: 2 out of 5
	iters: 100, epoch: 7 | loss: 0.2193826
	speed: 6.6077s/iter; left time: 5340968.6534s
	iters: 200, epoch: 7 | loss: 0.1758924
	speed: 0.2030s/iter; left time: 164088.6177s
	iters: 300, epoch: 7 | loss: 0.2391403
	speed: 0.2020s/iter; left time: 163222.4578s
	iters: 400, epoch: 7 | loss: 0.1857025
	speed: 0.2018s/iter; left time: 163080.8700s
	iters: 500, epoch: 7 | loss: 0.1373703
	speed: 0.2023s/iter; left time: 163475.2221s
	iters: 600, epoch: 7 | loss: 0.2017391
	speed: 0.2022s/iter; left time: 163307.9553s
	iters: 700, epoch: 7 | loss: 0.1771078
	speed: 0.2030s/iter; left time: 163980.2607s
	iters: 800, epoch: 7 | loss: 0.1609045
	speed: 0.2043s/iter; left time: 165009.5397s
	iters: 900, epoch: 7 | loss: 0.1767929
	speed: 0.2044s/iter; left time: 165062.9093s
	iters: 1000, epoch: 7 | loss: 0.2190923
	speed: 0.2045s/iter; left time: 165117.5426s
	iters: 1100, epoch: 7 | loss: 0.1611498
	speed: 0.2046s/iter; left time: 165135.2907s
	iters: 1200, epoch: 7 | loss: 0.1478727
	speed: 0.2039s/iter; left time: 164615.0434s
	iters: 1300, epoch: 7 | loss: 0.1447426
	speed: 0.2040s/iter; left time: 164653.9734s
	iters: 1400, epoch: 7 | loss: 0.1597162
	speed: 0.2038s/iter; left time: 164484.1521s
	iters: 1500, epoch: 7 | loss: 0.1509634
	speed: 0.2044s/iter; left time: 164926.9664s
	iters: 1600, epoch: 7 | loss: 0.1913679
	speed: 0.2040s/iter; left time: 164578.6504s
	iters: 1700, epoch: 7 | loss: 0.1632977
	speed: 0.2038s/iter; left time: 164376.2804s
	iters: 1800, epoch: 7 | loss: 0.1517850
	speed: 0.2042s/iter; left time: 164746.2281s
	iters: 1900, epoch: 7 | loss: 0.1791895
	speed: 0.2038s/iter; left time: 164396.4913s
	iters: 2000, epoch: 7 | loss: 0.2057337
	speed: 0.2047s/iter; left time: 165083.0800s
	iters: 2100, epoch: 7 | loss: 0.2321339
	speed: 0.2036s/iter; left time: 164177.9660s
	iters: 2200, epoch: 7 | loss: 0.2179505
	speed: 0.2038s/iter; left time: 164273.4719s
	iters: 2300, epoch: 7 | loss: 0.1703378
	speed: 0.2036s/iter; left time: 164133.9692s
	iters: 2400, epoch: 7 | loss: 0.1497699
	speed: 0.2031s/iter; left time: 163715.6317s
	iters: 2500, epoch: 7 | loss: 0.1738379
	speed: 0.2036s/iter; left time: 164080.7185s
	iters: 2600, epoch: 7 | loss: 0.1651959
	speed: 0.2034s/iter; left time: 163885.6393s
	iters: 2700, epoch: 7 | loss: 0.1580828
	speed: 0.2033s/iter; left time: 163817.7905s
	iters: 2800, epoch: 7 | loss: 0.1526504
	speed: 0.2034s/iter; left time: 163862.5640s
	iters: 2900, epoch: 7 | loss: 0.1596028
	speed: 0.2022s/iter; left time: 162906.7409s
	iters: 3000, epoch: 7 | loss: 0.1925549
	speed: 0.2022s/iter; left time: 162861.1985s
	iters: 3100, epoch: 7 | loss: 0.2114556
	speed: 0.2028s/iter; left time: 163318.3195s
	iters: 3200, epoch: 7 | loss: 0.1963825
	speed: 0.2024s/iter; left time: 162959.9107s
	iters: 3300, epoch: 7 | loss: 0.2006836
	speed: 0.2024s/iter; left time: 162927.6139s
	iters: 3400, epoch: 7 | loss: 0.2010131
	speed: 0.2023s/iter; left time: 162846.6859s
	iters: 3500, epoch: 7 | loss: 0.2225492
	speed: 0.2028s/iter; left time: 163239.7097s
	iters: 3600, epoch: 7 | loss: 0.2137245
	speed: 0.2023s/iter; left time: 162801.8311s
	iters: 3700, epoch: 7 | loss: 0.1817544
	speed: 0.2025s/iter; left time: 162986.4575s
	iters: 3800, epoch: 7 | loss: 0.1973809
	speed: 0.2030s/iter; left time: 163332.1579s
	iters: 3900, epoch: 7 | loss: 0.2447517
	speed: 0.2025s/iter; left time: 162892.4614s
	iters: 4000, epoch: 7 | loss: 0.1779475
	speed: 0.2032s/iter; left time: 163488.6562s
	iters: 4100, epoch: 7 | loss: 0.1568802
	speed: 0.2033s/iter; left time: 163486.2499s
Epoch: 7 cost time: 847.8234224319458
Epoch: 7, Steps: 4167 | Train Loss: 0.1891679 Vali Loss: 0.1848571 Test Loss: 0.1980046
EarlyStopping counter: 3 out of 5
	iters: 100, epoch: 8 | loss: 0.2905702
	speed: 6.6283s/iter; left time: 5330025.7615s
	iters: 200, epoch: 8 | loss: 0.2731073
	speed: 0.2042s/iter; left time: 164222.5522s
	iters: 300, epoch: 8 | loss: 0.1739019
	speed: 0.2036s/iter; left time: 163702.3379s
	iters: 400, epoch: 8 | loss: 0.1801849
	speed: 0.2037s/iter; left time: 163724.1302s
	iters: 500, epoch: 8 | loss: 0.2335665
	speed: 0.2037s/iter; left time: 163715.9477s
	iters: 600, epoch: 8 | loss: 0.1642276
	speed: 0.2043s/iter; left time: 164218.8457s
	iters: 700, epoch: 8 | loss: 0.2014580
	speed: 0.2038s/iter; left time: 163723.6221s
	iters: 800, epoch: 8 | loss: 0.1441630
	speed: 0.2034s/iter; left time: 163451.0880s
	iters: 900, epoch: 8 | loss: 0.1609314
	speed: 0.2043s/iter; left time: 164114.5666s
	iters: 1000, epoch: 8 | loss: 0.1940791
	speed: 0.2043s/iter; left time: 164074.1921s
	iters: 1100, epoch: 8 | loss: 0.1578560
	speed: 0.2044s/iter; left time: 164133.4581s
	iters: 1200, epoch: 8 | loss: 0.1603967
	speed: 0.2039s/iter; left time: 163750.2607s
	iters: 1300, epoch: 8 | loss: 0.1822150
	speed: 0.2038s/iter; left time: 163619.2989s
	iters: 1400, epoch: 8 | loss: 0.1594019
	speed: 0.2035s/iter; left time: 163369.1716s
	iters: 1500, epoch: 8 | loss: 0.1705598
	speed: 0.2036s/iter; left time: 163423.5895s
	iters: 1600, epoch: 8 | loss: 0.1501407
	speed: 0.2040s/iter; left time: 163738.2166s
	iters: 1700, epoch: 8 | loss: 0.1687232
	speed: 0.2047s/iter; left time: 164247.6405s
	iters: 1800, epoch: 8 | loss: 0.1531220
	speed: 0.2041s/iter; left time: 163788.0172s
	iters: 1900, epoch: 8 | loss: 0.1628062
	speed: 0.2043s/iter; left time: 163876.5631s
	iters: 2000, epoch: 8 | loss: 0.1673578
	speed: 0.2041s/iter; left time: 163711.4561s
	iters: 2100, epoch: 8 | loss: 0.1358077
	speed: 0.2040s/iter; left time: 163614.9419s
	iters: 2200, epoch: 8 | loss: 0.1802852
	speed: 0.2040s/iter; left time: 163598.9540s
	iters: 2300, epoch: 8 | loss: 0.1994804
	speed: 0.2041s/iter; left time: 163648.1358s
	iters: 2400, epoch: 8 | loss: 0.1911811
	speed: 0.2041s/iter; left time: 163657.6933s
	iters: 2500, epoch: 8 | loss: 0.1861959
	speed: 0.2042s/iter; left time: 163692.5933s
	iters: 2600, epoch: 8 | loss: 0.1511276
	speed: 0.2040s/iter; left time: 163569.5194s
	iters: 2700, epoch: 8 | loss: 0.1847521
	speed: 0.2042s/iter; left time: 163660.6333s
	iters: 2800, epoch: 8 | loss: 0.1667189
	speed: 0.2043s/iter; left time: 163752.7759s
	iters: 2900, epoch: 8 | loss: 0.1997188
	speed: 0.2035s/iter; left time: 163035.7108s
	iters: 3000, epoch: 8 | loss: 0.1237473
	speed: 0.2039s/iter; left time: 163335.8176s
	iters: 3100, epoch: 8 | loss: 0.1460047
	speed: 0.2039s/iter; left time: 163389.5170s
	iters: 3200, epoch: 8 | loss: 0.1687190
	speed: 0.2042s/iter; left time: 163566.1438s
	iters: 3300, epoch: 8 | loss: 0.1624880
	speed: 0.2042s/iter; left time: 163517.1782s
	iters: 3400, epoch: 8 | loss: 0.1744088
	speed: 0.2043s/iter; left time: 163638.3737s
	iters: 3500, epoch: 8 | loss: 0.1903064
	speed: 0.2038s/iter; left time: 163201.3874s
	iters: 3600, epoch: 8 | loss: 0.1323462
	speed: 0.2039s/iter; left time: 163238.6838s
	iters: 3700, epoch: 8 | loss: 0.2619310
	speed: 0.2043s/iter; left time: 163566.5108s
	iters: 3800, epoch: 8 | loss: 0.1920154
	speed: 0.2042s/iter; left time: 163424.9213s
	iters: 3900, epoch: 8 | loss: 0.2094312
	speed: 0.2044s/iter; left time: 163561.5785s
	iters: 4000, epoch: 8 | loss: 0.1982013
	speed: 0.2045s/iter; left time: 163615.3993s
	iters: 4100, epoch: 8 | loss: 0.1738474
	speed: 0.2044s/iter; left time: 163515.0126s
Epoch: 8 cost time: 850.989625453949
Epoch: 8, Steps: 4167 | Train Loss: 0.1744609 Vali Loss: 0.2014552 Test Loss: 0.1991221
EarlyStopping counter: 4 out of 5
	iters: 100, epoch: 9 | loss: 0.2431314
	speed: 6.6134s/iter; left time: 5290492.5012s
	iters: 200, epoch: 9 | loss: 0.1592971
	speed: 0.2041s/iter; left time: 163235.9228s
	iters: 300, epoch: 9 | loss: 0.2363741
	speed: 0.2042s/iter; left time: 163274.3984s
	iters: 400, epoch: 9 | loss: 0.2503057
	speed: 0.2049s/iter; left time: 163812.6918s
	iters: 500, epoch: 9 | loss: 0.2065309
	speed: 0.2047s/iter; left time: 163631.4226s
	iters: 600, epoch: 9 | loss: 0.2060866
	speed: 0.2040s/iter; left time: 163100.0652s
	iters: 700, epoch: 9 | loss: 0.1840525
	speed: 0.2052s/iter; left time: 164046.0270s
	iters: 800, epoch: 9 | loss: 0.1615129
	speed: 0.2044s/iter; left time: 163348.6086s
	iters: 900, epoch: 9 | loss: 0.1908422
	speed: 0.2046s/iter; left time: 163533.7556s
	iters: 1000, epoch: 9 | loss: 0.1578192
	speed: 0.2040s/iter; left time: 163033.1243s
	iters: 1100, epoch: 9 | loss: 0.1685361
	speed: 0.2042s/iter; left time: 163140.4264s
	iters: 1200, epoch: 9 | loss: 0.1808226
	speed: 0.2051s/iter; left time: 163882.6873s
	iters: 1300, epoch: 9 | loss: 0.2138368
	speed: 0.2051s/iter; left time: 163814.1438s
	iters: 1400, epoch: 9 | loss: 0.1606912
	speed: 0.2048s/iter; left time: 163592.0985s
	iters: 1500, epoch: 9 | loss: 0.1894136
	speed: 0.2052s/iter; left time: 163853.5336s
	iters: 1600, epoch: 9 | loss: 0.2053166
	speed: 0.2056s/iter; left time: 164177.1088s
	iters: 1700, epoch: 9 | loss: 0.2011456
	speed: 0.2056s/iter; left time: 164128.4656s
	iters: 1800, epoch: 9 | loss: 0.2382396
	speed: 0.2056s/iter; left time: 164136.5527s
	iters: 1900, epoch: 9 | loss: 0.1577220
	speed: 0.2049s/iter; left time: 163550.2827s
	iters: 2000, epoch: 9 | loss: 0.1922025
	speed: 0.2060s/iter; left time: 164414.5333s
	iters: 2100, epoch: 9 | loss: 0.2117894
	speed: 0.2055s/iter; left time: 163988.9206s
	iters: 2200, epoch: 9 | loss: 0.1799533
	speed: 0.2057s/iter; left time: 164148.7342s
	iters: 2300, epoch: 9 | loss: 0.1963745
	speed: 0.2053s/iter; left time: 163804.6766s
	iters: 2400, epoch: 9 | loss: 0.1429023
	speed: 0.2046s/iter; left time: 163200.8957s
	iters: 2500, epoch: 9 | loss: 0.1819373
	speed: 0.2055s/iter; left time: 163868.0605s
	iters: 2600, epoch: 9 | loss: 0.1934205
	speed: 0.2053s/iter; left time: 163685.5575s
	iters: 2700, epoch: 9 | loss: 0.2046284
	speed: 0.2045s/iter; left time: 163079.3551s
	iters: 2800, epoch: 9 | loss: 0.1988751
	speed: 0.2050s/iter; left time: 163467.0486s
	iters: 2900, epoch: 9 | loss: 0.1521007
	speed: 0.2049s/iter; left time: 163369.1854s
	iters: 3000, epoch: 9 | loss: 0.1503734
	speed: 0.2044s/iter; left time: 162914.8909s
	iters: 3100, epoch: 9 | loss: 0.1777845
	speed: 0.2043s/iter; left time: 162804.0784s
	iters: 3200, epoch: 9 | loss: 0.1913151
	speed: 0.2042s/iter; left time: 162744.6954s
	iters: 3300, epoch: 9 | loss: 0.1757587
	speed: 0.2047s/iter; left time: 163073.6001s
	iters: 3400, epoch: 9 | loss: 0.2025816
	speed: 0.2053s/iter; left time: 163580.7781s
	iters: 3500, epoch: 9 | loss: 0.1885000
	speed: 0.2045s/iter; left time: 162927.9332s
	iters: 3600, epoch: 9 | loss: 0.1872391
	speed: 0.2053s/iter; left time: 163501.5776s
	iters: 3700, epoch: 9 | loss: 0.1510876
	speed: 0.2060s/iter; left time: 164017.3737s
	iters: 3800, epoch: 9 | loss: 0.1938177
	speed: 0.2055s/iter; left time: 163593.7839s
	iters: 3900, epoch: 9 | loss: 0.1386104
	speed: 0.2057s/iter; left time: 163810.3265s
	iters: 4000, epoch: 9 | loss: 0.2144804
	speed: 0.2054s/iter; left time: 163515.0835s
	iters: 4100, epoch: 9 | loss: 0.1687061
	speed: 0.2058s/iter; left time: 163782.7853s
Epoch: 9 cost time: 855.0215287208557
Epoch: 9, Steps: 4167 | Train Loss: 0.1860012 Vali Loss: 0.2033838 Test Loss: 0.1965203
EarlyStopping counter: 5 out of 5
Early stopping
>>>>>>>testing : long_term_forecast_pems04_h_96_336_Autoformer_custom_ftM_sl96_ll48_pl336_dm128_nh8_el2_dl1_df2048_fc3_ebtimeF_dtTrue_srate1.0_sseed7_trainseed2024_Exp_0<<<<<<<<<<<<<<<<<<<<<<<<<<<<<<<<<
test 37892
test shape: (37892, 1, 336, 822) (37892, 1, 336, 822)
test shape: (37892, 336, 822) (37892, 336, 822)
mse:0.19729191064834595, mae:0.31566721200942993
>>>>>>>Overall time: 14485 seconds<<<<<<<<<<<<<<<<<<<<<<<<<<<<<<<<<
